#
# A fatal error has been detected by the Java Runtime Environment:
#
#  EXCEPTION_ACCESS_VIOLATION (0xc0000005) at pc=0x00007ff8a6e0e558, pid=2912, tid=1896
#
# JRE version: OpenJDK Runtime Environment (16.0.2+7) (build 16.0.2+7-67)
# Java VM: OpenJDK 64-Bit Server VM (16.0.2+7-67, mixed mode, tiered, compressed oops, compressed class ptrs, g1 gc, windows-amd64)
# Problematic frame:
# V  [jvm.dll+0x60e558]
#
# No core dump will be written. Minidumps are not enabled by default on client versions of Windows
#
# If you would like to submit a bug report, please visit:
#   https://bugreport.java.com/bugreport/crash.jsp
#

---------------  S U M M A R Y ------------

Command Line: -XX:+ShowCodeDetailsInExceptionMessages -agentlib:jdwp=transport=dt_socket,suspend=y,address=localhost:50191 -javaagent:C:\Users\dfher\eclipse\java-2021-09\eclipse\configuration\org.eclipse.osgi\222\0\.cp\lib\javaagent-shaded.jar -Dfile.encoding=Cp1252 prevencionDeRiesgo.Principal

Host: Intel(R) Core(TM) i5-3330S CPU @ 2.70GHz, 4 cores, 7G,  Windows 10 , 64 bit Build 19041 (10.0.19041.1202)
Time: Thu Nov 18 12:17:57 2021 Hora verano Sudamérica Pacífico elapsed time: 817.172104 seconds (0d 0h 13m 37s)

---------------  T H R E A D  ---------------

Current thread (0x0000019cf964a990):  VMThread "VM Thread" [stack: 0x0000008e75400000,0x0000008e75500000] [id=1896]

Stack: [0x0000008e75400000,0x0000008e75500000],  sp=0x0000008e754fe1f8,  free space=1016k
Native frames: (J=compiled Java code, j=interpreted, Vv=VM code, C=native code)
V  [jvm.dll+0x60e558]


siginfo: EXCEPTION_ACCESS_VIOLATION (0xc0000005), reading address 0x00007fb2a70d49d8


Register to memory mapping:

RIP=0x00007ff8a6e0e558 jvm.dll
RAX=0x00007fb2a70d4970 is an unknown value
RBX=0x0000019cf9635110 points into unknown readable memory: 0x7274532f00000002 | 02 00 00 00 2f 53 74 72
RCX=0x0000019cfb04ca78 is pointing into metadata
RDX=0x0000019cfb04ca01 is pointing into metadata
RSP=0x0000008e754fe1f8 points into unknown readable memory: 0x00007ff8a6abf8a4 | a4 f8 ab a6 f8 7f 00 00
RBP=0x0000008e754fe290 points into unknown readable memory: 0x0000008e74eff338 | 38 f3 ef 74 8e 00 00 00
RSI=0x0000008e754ff540 points into unknown readable memory: 0x00007ff8a7128f60 | 60 8f 12 a7 f8 7f 00 00
RDI=0x0000019cf9648af0 points into unknown readable memory: 0x0000000000000000 | 00 00 00 00 00 00 00 00
R8 =0x0000000000000002 is an unknown value
R9 =0x0000019cdf960000 points into unknown readable memory: 0x0100050403020100 | 00 01 02 03 04 05 00 01
R10=0x0000019ce36e0000 points into unknown readable memory: 0x0000000000000006 | 06 00 00 00 00 00 00 00
R11=0x00000044b6db860a is an unknown value
R12=0x00000000000003d8 is an unknown value
R13=0x00007ff8a7310980 jvm.dll
R14=0x0000019cf9648b00 points into unknown readable memory: 0x0000019cfb04dc10 | 10 dc 04 fb 9c 01 00 00
R15=0x0000019cf9648ed8 points into unknown readable memory: 0x1017fabacf1fe1ea | ea e1 1f cf ba fa 17 10


Registers:
RAX=0x00007fb2a70d4970, RBX=0x0000019cf9635110, RCX=0x0000019cfb04ca78, RDX=0x0000019cfb04ca01
RSP=0x0000008e754fe1f8, RBP=0x0000008e754fe290, RSI=0x0000008e754ff540, RDI=0x0000019cf9648af0
R8 =0x0000000000000002, R9 =0x0000019cdf960000, R10=0x0000019ce36e0000, R11=0x00000044b6db860a
R12=0x00000000000003d8, R13=0x00007ff8a7310980, R14=0x0000019cf9648b00, R15=0x0000019cf9648ed8
RIP=0x00007ff8a6e0e558, EFLAGS=0x0000000000010202

Top of Stack: (sp=0x0000008e754fe1f8)
0x0000008e754fe1f8:   00007ff8a6abf8a4 0000019cf9678720
0x0000008e754fe208:   00007ff8a6ac1a6d 0000019ce36e8e10
0x0000008e754fe218:   0000008e754fe260 00000000000003d8
0x0000008e754fe228:   0000019cf9648ed8 00007ff8a70a3010
0x0000008e754fe238:   00007ff8a6f7d487 0000019ce015dd10
0x0000008e754fe248:   0000019cf9678798 0000019cf9678720
0x0000008e754fe258:   0000008e754ff540 0000008e74eff338
0x0000008e754fe268:   0000019ce36ea426 0000019ce36e8e10
0x0000008e754fe278:   00007ff800000000 0000008e74eff3a0
0x0000008e754fe288:   0000008e74eff350 0000008e74eff338
0x0000008e754fe298:   0000019ce36ea426 0000019ce36e8e10
0x0000008e754fe2a8:   00007ff800000000 0000008e74eff3a0
0x0000008e754fe2b8:   0000008e74eff350 0000000000000000
0x0000008e754fe2c8:   0000000000000000 0000000000000000
0x0000008e754fe2d8:   0000000000000000 0000000000000000
0x0000008e754fe2e8:   0000000000000000 0000000000000000 

Instructions: (pc=0x00007ff8a6e0e558)
0x00007ff8a6e0e458:   8b c7 48 8b 74 24 40 48 83 c4 20 5f c3 cc cc cc
0x00007ff8a6e0e468:   cc cc cc cc cc cc cc cc 48 89 5c 24 18 55 48 83
0x00007ff8a6e0e478:   ec 20 48 8b 1d ff d2 4d 00 48 85 db 74 17 48 8b
0x00007ff8a6e0e488:   05 e3 d2 4d 00 48 89 83 08 02 00 00 48 89 1d d5
0x00007ff8a6e0e498:   d2 4d 00 eb 07 48 8b 1d cc d2 4d 00 33 ed 48 89
0x00007ff8a6e0e4a8:   2d d3 d2 4d 00 48 85 db 74 7e 48 89 74 24 30 48
0x00007ff8a6e0e4b8:   89 7c 24 38 0f 1f 40 00 48 8b b3 00 02 00 00 48
0x00007ff8a6e0e4c8:   8b fd 48 2b f3 48 c1 ee 03 48 85 f6 74 1e 66 66
0x00007ff8a6e0e4d8:   0f 1f 84 00 00 00 00 00 48 8b 0c fb 33 d2 48 8b
0x00007ff8a6e0e4e8:   01 ff 50 68 48 ff c7 48 3b fe 72 ec 48 8b 8b 08
0x00007ff8a6e0e4f8:   02 00 00 48 89 ab 08 02 00 00 48 89 9b 00 02 00
0x00007ff8a6e0e508:   00 48 8b 05 68 d2 4d 00 48 89 83 10 02 00 00 48
0x00007ff8a6e0e518:   89 1d 5a d2 4d 00 48 8b d9 48 85 c9 75 9a 48 8b
0x00007ff8a6e0e528:   7c 24 38 48 8b 74 24 30 48 8b 5c 24 40 48 89 2d
0x00007ff8a6e0e538:   34 d2 4d 00 48 83 c4 20 5d c3 cc cc cc cc cc cc
0x00007ff8a6e0e548:   cc cc cc cc cc cc cc cc 48 8b 02 48 8b ca b2 01
0x00007ff8a6e0e558:   48 ff 60 68 cc cc cc cc 48 8b 01 b2 01 48 ff 60
0x00007ff8a6e0e568:   68 cc cc cc cc cc cc cc 40 53 48 83 ec 20 48 8b
0x00007ff8a6e0e578:   15 03 d2 4d 00 48 8b d9 48 85 d2 74 21 48 8d 82
0x00007ff8a6e0e588:   00 02 00 00 48 39 00 75 72 48 8b 05 d8 d1 4d 00
0x00007ff8a6e0e598:   48 89 82 08 02 00 00 48 89 15 ca d1 4d 00 48 8b
0x00007ff8a6e0e5a8:   15 cb d1 4d 00 48 85 d2 74 10 48 8b 82 10 02 00
0x00007ff8a6e0e5b8:   00 48 89 05 b8 d1 4d 00 eb 3a 45 33 c0 b9 18 02
0x00007ff8a6e0e5c8:   00 00 41 8d 50 08 e8 ad a0 a9 ff 48 8b d0 48 85
0x00007ff8a6e0e5d8:   c0 74 1f 48 89 80 00 02 00 00 48 c7 80 08 02 00
0x00007ff8a6e0e5e8:   00 00 00 00 00 48 c7 80 10 02 00 00 00 00 00 00
0x00007ff8a6e0e5f8:   eb 02 33 d2 48 89 15 7d d1 4d 00 48 8b 82 00 02
0x00007ff8a6e0e608:   00 00 48 89 18 48 83 82 00 02 00 00 08 48 83 c4
0x00007ff8a6e0e618:   20 5b c3 cc cc cc cc cc 48 89 4c 24 08 48 89 54
0x00007ff8a6e0e628:   24 10 4c 89 44 24 18 4c 89 4c 24 20 48 83 ec 28
0x00007ff8a6e0e638:   4c 8b c1 4c 8d 4c 24 38 48 8d 0d 59 d1 4d 00 ba
0x00007ff8a6e0e648:   01 00 00 00 e8 ff 1d f5 ff 48 83 c4 28 c3 cc cc 


Stack slot to memory mapping:
stack at sp + 0 slots: 0x00007ff8a6abf8a4 jvm.dll
stack at sp + 1 slots: 0x0000019cf9678720 points into unknown readable memory: 0x0000019ce015dd10 | 10 dd 15 e0 9c 01 00 00
stack at sp + 2 slots: 0x00007ff8a6ac1a6d jvm.dll
stack at sp + 3 slots: 0x0000019ce36e8e10 is at code_begin+-112 in 
[CodeBlob (0x0000019ce36e8e10)]
Framesize: 0
BufferBlob (0x0000019ce36e8e10) used for Interpreter
stack at sp + 4 slots: 0x0000008e754fe260 points into unknown readable memory: 0x0000008e74eff338 | 38 f3 ef 74 8e 00 00 00
stack at sp + 5 slots: 0x00000000000003d8 is an unknown value
stack at sp + 6 slots: 0x0000019cf9648ed8 points into unknown readable memory: 0x1017fabacf1fe1ea | ea e1 1f cf ba fa 17 10
stack at sp + 7 slots: 0x00007ff8a70a3010 jvm.dll

VM_Operation (0x0000008e75fff780): RedefineClasses, mode: safepoint, requested by thread 0x0000019cfa29f490


---------------  P R O C E S S  ---------------

Threads class SMR info:
_java_thread_list=0x0000019cfa756f90, length=15, elements={
0x0000019ce015dd10, 0x0000019cf9692250, 0x0000019cf9692e50, 0x0000019cf96d5240,
0x0000019cf96d5e40, 0x0000019cf96d6a40, 0x0000019cf96d7440, 0x0000019cf96d8220,
0x0000019cfa084ba0, 0x0000019cfa0954f0, 0x0000019cfa0e73d0, 0x0000019cfa29f490,
0x0000019cfa2a4570, 0x0000019cfa2a6ac0, 0x0000019cfa340010
}

Java Threads: ( => current thread )
  0x0000019ce015dd10 JavaThread "main" [_thread_in_native, id=18148, stack(0x0000008e74e00000,0x0000008e74f00000)]
  0x0000019cf9692250 JavaThread "Reference Handler" daemon [_thread_blocked, id=16292, stack(0x0000008e75500000,0x0000008e75600000)]
  0x0000019cf9692e50 JavaThread "Finalizer" daemon [_thread_blocked, id=8232, stack(0x0000008e75600000,0x0000008e75700000)]
  0x0000019cf96d5240 JavaThread "Signal Dispatcher" daemon [_thread_blocked, id=7024, stack(0x0000008e75700000,0x0000008e75800000)]
  0x0000019cf96d5e40 JavaThread "Attach Listener" daemon [_thread_blocked, id=12672, stack(0x0000008e75800000,0x0000008e75900000)]
  0x0000019cf96d6a40 JavaThread "Service Thread" daemon [_thread_blocked, id=7216, stack(0x0000008e75900000,0x0000008e75a00000)]
  0x0000019cf96d7440 JavaThread "Monitor Deflation Thread" daemon [_thread_blocked, id=7528, stack(0x0000008e75a00000,0x0000008e75b00000)]
  0x0000019cf96d8220 JavaThread "C2 CompilerThread0" daemon [_thread_blocked, id=12948, stack(0x0000008e75b00000,0x0000008e75c00000)]
  0x0000019cfa084ba0 JavaThread "C1 CompilerThread0" daemon [_thread_blocked, id=15504, stack(0x0000008e75c00000,0x0000008e75d00000)]
  0x0000019cfa0954f0 JavaThread "Sweeper thread" daemon [_thread_blocked, id=2124, stack(0x0000008e75d00000,0x0000008e75e00000)]
  0x0000019cfa0e73d0 JavaThread "Common-Cleaner" daemon [_thread_blocked, id=11216, stack(0x0000008e75e00000,0x0000008e75f00000)]
  0x0000019cfa29f490 JavaThread "JDWP Transport Listener: dt_socket" daemon [_thread_blocked, id=2392, stack(0x0000008e75f00000,0x0000008e76000000)]
  0x0000019cfa2a4570 JavaThread "JDWP Event Helper Thread" daemon [_thread_blocked, id=14684, stack(0x0000008e76000000,0x0000008e76100000)]
  0x0000019cfa2a6ac0 JavaThread "JDWP Command Reader" daemon [_thread_in_native, id=19820, stack(0x0000008e76100000,0x0000008e76200000)]
  0x0000019cfa340010 JavaThread "Notification Thread" daemon [_thread_blocked, id=5736, stack(0x0000008e76200000,0x0000008e76300000)]

Other Threads:
=>0x0000019cf964a990 VMThread "VM Thread" [stack: 0x0000008e75400000,0x0000008e75500000] [id=1896]
  0x0000019ce015ed90 WatcherThread [stack: 0x0000008e76300000,0x0000008e76400000] [id=7080]
  0x0000019ce019eb70 GCTaskThread "GC Thread#0" [stack: 0x0000008e74f00000,0x0000008e75000000] [id=7180]
  0x0000019ce01af7f0 ConcurrentGCThread "G1 Main Marker" [stack: 0x0000008e75000000,0x0000008e75100000] [id=7204]
  0x0000019ce01b1270 ConcurrentGCThread "G1 Conc#0" [stack: 0x0000008e75100000,0x0000008e75200000] [id=15308]
  0x0000019ce0228de0 ConcurrentGCThread "G1 Refine#0" [stack: 0x0000008e75200000,0x0000008e75300000] [id=2368]
  0x0000019ce0229860 ConcurrentGCThread "G1 Service" [stack: 0x0000008e75300000,0x0000008e75400000] [id=8916]

Threads with active compile tasks:
C2 CompilerThread0   817220  478       4       java.lang.String::hashCode (60 bytes)

VM state: at safepoint (normal execution)

VM Mutex/Monitor currently owned by a thread:  ([mutex/lock_event])
[0x0000019ce0158f30] Threads_lock - owner thread: 0x0000019cf964a990

Heap address: 0x0000000082200000, size: 2014 MB, Compressed Oops mode: 32-bit

CDS disabled.
Compressed class space mapped at: 0x0000000100000000-0x0000000140000000, reserved size: 1073741824
Narrow klass base: 0x0000000000000000, Narrow klass shift: 3, Narrow klass range: 0x140000000

GC Precious Log:
 CPUs: 4 total, 4 available
 Memory: 8055M
 Large Page Support: Disabled
 NUMA Support: Disabled
 Compressed Oops: Enabled (32-bit)
 Heap Region Size: 1M
 Heap Min Capacity: 8M
 Heap Initial Capacity: 126M
 Heap Max Capacity: 2014M
 Pre-touch: Disabled
 Parallel Workers: 4
 Concurrent Workers: 1
 Concurrent Refinement Workers: 4
 Periodic GC: Disabled

Heap:
 garbage-first heap   total 129024K, used 6144K [0x0000000082200000, 0x0000000100000000)
  region size 1024K, 7 young (7168K), 0 survivors (0K)
 Metaspace       used 10146K, committed 10304K, reserved 1064960K
  class space    used 875K, committed 960K, reserved 1048576K

Heap Regions: E=young(eden), S=young(survivor), O=old, HS=humongous(starts), HC=humongous(continues), CS=collection set, F=free, OA=open archive, CA=closed archive, TAMS=top-at-mark-start (previous, next)
|   0|0x0000000082200000, 0x0000000082200000, 0x0000000082300000|  0%| F|  |TAMS 0x0000000082200000, 0x0000000082200000| Untracked 
|   1|0x0000000082300000, 0x0000000082300000, 0x0000000082400000|  0%| F|  |TAMS 0x0000000082300000, 0x0000000082300000| Untracked 
|   2|0x0000000082400000, 0x0000000082400000, 0x0000000082500000|  0%| F|  |TAMS 0x0000000082400000, 0x0000000082400000| Untracked 
|   3|0x0000000082500000, 0x0000000082500000, 0x0000000082600000|  0%| F|  |TAMS 0x0000000082500000, 0x0000000082500000| Untracked 
|   4|0x0000000082600000, 0x0000000082600000, 0x0000000082700000|  0%| F|  |TAMS 0x0000000082600000, 0x0000000082600000| Untracked 
|   5|0x0000000082700000, 0x0000000082700000, 0x0000000082800000|  0%| F|  |TAMS 0x0000000082700000, 0x0000000082700000| Untracked 
|   6|0x0000000082800000, 0x0000000082800000, 0x0000000082900000|  0%| F|  |TAMS 0x0000000082800000, 0x0000000082800000| Untracked 
|   7|0x0000000082900000, 0x0000000082900000, 0x0000000082a00000|  0%| F|  |TAMS 0x0000000082900000, 0x0000000082900000| Untracked 
|   8|0x0000000082a00000, 0x0000000082a00000, 0x0000000082b00000|  0%| F|  |TAMS 0x0000000082a00000, 0x0000000082a00000| Untracked 
|   9|0x0000000082b00000, 0x0000000082b00000, 0x0000000082c00000|  0%| F|  |TAMS 0x0000000082b00000, 0x0000000082b00000| Untracked 
|  10|0x0000000082c00000, 0x0000000082c00000, 0x0000000082d00000|  0%| F|  |TAMS 0x0000000082c00000, 0x0000000082c00000| Untracked 
|  11|0x0000000082d00000, 0x0000000082d00000, 0x0000000082e00000|  0%| F|  |TAMS 0x0000000082d00000, 0x0000000082d00000| Untracked 
|  12|0x0000000082e00000, 0x0000000082e00000, 0x0000000082f00000|  0%| F|  |TAMS 0x0000000082e00000, 0x0000000082e00000| Untracked 
|  13|0x0000000082f00000, 0x0000000082f00000, 0x0000000083000000|  0%| F|  |TAMS 0x0000000082f00000, 0x0000000082f00000| Untracked 
|  14|0x0000000083000000, 0x0000000083000000, 0x0000000083100000|  0%| F|  |TAMS 0x0000000083000000, 0x0000000083000000| Untracked 
|  15|0x0000000083100000, 0x0000000083100000, 0x0000000083200000|  0%| F|  |TAMS 0x0000000083100000, 0x0000000083100000| Untracked 
|  16|0x0000000083200000, 0x0000000083200000, 0x0000000083300000|  0%| F|  |TAMS 0x0000000083200000, 0x0000000083200000| Untracked 
|  17|0x0000000083300000, 0x0000000083300000, 0x0000000083400000|  0%| F|  |TAMS 0x0000000083300000, 0x0000000083300000| Untracked 
|  18|0x0000000083400000, 0x0000000083400000, 0x0000000083500000|  0%| F|  |TAMS 0x0000000083400000, 0x0000000083400000| Untracked 
|  19|0x0000000083500000, 0x0000000083500000, 0x0000000083600000|  0%| F|  |TAMS 0x0000000083500000, 0x0000000083500000| Untracked 
|  20|0x0000000083600000, 0x0000000083600000, 0x0000000083700000|  0%| F|  |TAMS 0x0000000083600000, 0x0000000083600000| Untracked 
|  21|0x0000000083700000, 0x0000000083700000, 0x0000000083800000|  0%| F|  |TAMS 0x0000000083700000, 0x0000000083700000| Untracked 
|  22|0x0000000083800000, 0x0000000083800000, 0x0000000083900000|  0%| F|  |TAMS 0x0000000083800000, 0x0000000083800000| Untracked 
|  23|0x0000000083900000, 0x0000000083900000, 0x0000000083a00000|  0%| F|  |TAMS 0x0000000083900000, 0x0000000083900000| Untracked 
|  24|0x0000000083a00000, 0x0000000083a00000, 0x0000000083b00000|  0%| F|  |TAMS 0x0000000083a00000, 0x0000000083a00000| Untracked 
|  25|0x0000000083b00000, 0x0000000083b00000, 0x0000000083c00000|  0%| F|  |TAMS 0x0000000083b00000, 0x0000000083b00000| Untracked 
|  26|0x0000000083c00000, 0x0000000083c00000, 0x0000000083d00000|  0%| F|  |TAMS 0x0000000083c00000, 0x0000000083c00000| Untracked 
|  27|0x0000000083d00000, 0x0000000083d00000, 0x0000000083e00000|  0%| F|  |TAMS 0x0000000083d00000, 0x0000000083d00000| Untracked 
|  28|0x0000000083e00000, 0x0000000083e00000, 0x0000000083f00000|  0%| F|  |TAMS 0x0000000083e00000, 0x0000000083e00000| Untracked 
|  29|0x0000000083f00000, 0x0000000083f00000, 0x0000000084000000|  0%| F|  |TAMS 0x0000000083f00000, 0x0000000083f00000| Untracked 
|  30|0x0000000084000000, 0x0000000084000000, 0x0000000084100000|  0%| F|  |TAMS 0x0000000084000000, 0x0000000084000000| Untracked 
|  31|0x0000000084100000, 0x0000000084100000, 0x0000000084200000|  0%| F|  |TAMS 0x0000000084100000, 0x0000000084100000| Untracked 
|  32|0x0000000084200000, 0x0000000084200000, 0x0000000084300000|  0%| F|  |TAMS 0x0000000084200000, 0x0000000084200000| Untracked 
|  33|0x0000000084300000, 0x0000000084300000, 0x0000000084400000|  0%| F|  |TAMS 0x0000000084300000, 0x0000000084300000| Untracked 
|  34|0x0000000084400000, 0x0000000084400000, 0x0000000084500000|  0%| F|  |TAMS 0x0000000084400000, 0x0000000084400000| Untracked 
|  35|0x0000000084500000, 0x0000000084500000, 0x0000000084600000|  0%| F|  |TAMS 0x0000000084500000, 0x0000000084500000| Untracked 
|  36|0x0000000084600000, 0x0000000084600000, 0x0000000084700000|  0%| F|  |TAMS 0x0000000084600000, 0x0000000084600000| Untracked 
|  37|0x0000000084700000, 0x0000000084700000, 0x0000000084800000|  0%| F|  |TAMS 0x0000000084700000, 0x0000000084700000| Untracked 
|  38|0x0000000084800000, 0x0000000084800000, 0x0000000084900000|  0%| F|  |TAMS 0x0000000084800000, 0x0000000084800000| Untracked 
|  39|0x0000000084900000, 0x0000000084900000, 0x0000000084a00000|  0%| F|  |TAMS 0x0000000084900000, 0x0000000084900000| Untracked 
|  40|0x0000000084a00000, 0x0000000084a00000, 0x0000000084b00000|  0%| F|  |TAMS 0x0000000084a00000, 0x0000000084a00000| Untracked 
|  41|0x0000000084b00000, 0x0000000084b00000, 0x0000000084c00000|  0%| F|  |TAMS 0x0000000084b00000, 0x0000000084b00000| Untracked 
|  42|0x0000000084c00000, 0x0000000084c00000, 0x0000000084d00000|  0%| F|  |TAMS 0x0000000084c00000, 0x0000000084c00000| Untracked 
|  43|0x0000000084d00000, 0x0000000084d00000, 0x0000000084e00000|  0%| F|  |TAMS 0x0000000084d00000, 0x0000000084d00000| Untracked 
|  44|0x0000000084e00000, 0x0000000084e00000, 0x0000000084f00000|  0%| F|  |TAMS 0x0000000084e00000, 0x0000000084e00000| Untracked 
|  45|0x0000000084f00000, 0x0000000084f00000, 0x0000000085000000|  0%| F|  |TAMS 0x0000000084f00000, 0x0000000084f00000| Untracked 
|  46|0x0000000085000000, 0x0000000085000000, 0x0000000085100000|  0%| F|  |TAMS 0x0000000085000000, 0x0000000085000000| Untracked 
|  47|0x0000000085100000, 0x0000000085100000, 0x0000000085200000|  0%| F|  |TAMS 0x0000000085100000, 0x0000000085100000| Untracked 
|  48|0x0000000085200000, 0x0000000085200000, 0x0000000085300000|  0%| F|  |TAMS 0x0000000085200000, 0x0000000085200000| Untracked 
|  49|0x0000000085300000, 0x0000000085300000, 0x0000000085400000|  0%| F|  |TAMS 0x0000000085300000, 0x0000000085300000| Untracked 
|  50|0x0000000085400000, 0x0000000085400000, 0x0000000085500000|  0%| F|  |TAMS 0x0000000085400000, 0x0000000085400000| Untracked 
|  51|0x0000000085500000, 0x0000000085500000, 0x0000000085600000|  0%| F|  |TAMS 0x0000000085500000, 0x0000000085500000| Untracked 
|  52|0x0000000085600000, 0x0000000085600000, 0x0000000085700000|  0%| F|  |TAMS 0x0000000085600000, 0x0000000085600000| Untracked 
|  53|0x0000000085700000, 0x0000000085700000, 0x0000000085800000|  0%| F|  |TAMS 0x0000000085700000, 0x0000000085700000| Untracked 
|  54|0x0000000085800000, 0x0000000085800000, 0x0000000085900000|  0%| F|  |TAMS 0x0000000085800000, 0x0000000085800000| Untracked 
|  55|0x0000000085900000, 0x0000000085900000, 0x0000000085a00000|  0%| F|  |TAMS 0x0000000085900000, 0x0000000085900000| Untracked 
|  56|0x0000000085a00000, 0x0000000085a00000, 0x0000000085b00000|  0%| F|  |TAMS 0x0000000085a00000, 0x0000000085a00000| Untracked 
|  57|0x0000000085b00000, 0x0000000085b00000, 0x0000000085c00000|  0%| F|  |TAMS 0x0000000085b00000, 0x0000000085b00000| Untracked 
|  58|0x0000000085c00000, 0x0000000085c00000, 0x0000000085d00000|  0%| F|  |TAMS 0x0000000085c00000, 0x0000000085c00000| Untracked 
|  59|0x0000000085d00000, 0x0000000085d00000, 0x0000000085e00000|  0%| F|  |TAMS 0x0000000085d00000, 0x0000000085d00000| Untracked 
|  60|0x0000000085e00000, 0x0000000085e00000, 0x0000000085f00000|  0%| F|  |TAMS 0x0000000085e00000, 0x0000000085e00000| Untracked 
|  61|0x0000000085f00000, 0x0000000085f00000, 0x0000000086000000|  0%| F|  |TAMS 0x0000000085f00000, 0x0000000085f00000| Untracked 
|  62|0x0000000086000000, 0x0000000086000000, 0x0000000086100000|  0%| F|  |TAMS 0x0000000086000000, 0x0000000086000000| Untracked 
|  63|0x0000000086100000, 0x0000000086100000, 0x0000000086200000|  0%| F|  |TAMS 0x0000000086100000, 0x0000000086100000| Untracked 
|  64|0x0000000086200000, 0x0000000086200000, 0x0000000086300000|  0%| F|  |TAMS 0x0000000086200000, 0x0000000086200000| Untracked 
|  65|0x0000000086300000, 0x0000000086300000, 0x0000000086400000|  0%| F|  |TAMS 0x0000000086300000, 0x0000000086300000| Untracked 
|  66|0x0000000086400000, 0x0000000086400000, 0x0000000086500000|  0%| F|  |TAMS 0x0000000086400000, 0x0000000086400000| Untracked 
|  67|0x0000000086500000, 0x0000000086500000, 0x0000000086600000|  0%| F|  |TAMS 0x0000000086500000, 0x0000000086500000| Untracked 
|  68|0x0000000086600000, 0x0000000086600000, 0x0000000086700000|  0%| F|  |TAMS 0x0000000086600000, 0x0000000086600000| Untracked 
|  69|0x0000000086700000, 0x0000000086700000, 0x0000000086800000|  0%| F|  |TAMS 0x0000000086700000, 0x0000000086700000| Untracked 
|  70|0x0000000086800000, 0x0000000086800000, 0x0000000086900000|  0%| F|  |TAMS 0x0000000086800000, 0x0000000086800000| Untracked 
|  71|0x0000000086900000, 0x0000000086900000, 0x0000000086a00000|  0%| F|  |TAMS 0x0000000086900000, 0x0000000086900000| Untracked 
|  72|0x0000000086a00000, 0x0000000086a00000, 0x0000000086b00000|  0%| F|  |TAMS 0x0000000086a00000, 0x0000000086a00000| Untracked 
|  73|0x0000000086b00000, 0x0000000086b00000, 0x0000000086c00000|  0%| F|  |TAMS 0x0000000086b00000, 0x0000000086b00000| Untracked 
|  74|0x0000000086c00000, 0x0000000086c00000, 0x0000000086d00000|  0%| F|  |TAMS 0x0000000086c00000, 0x0000000086c00000| Untracked 
|  75|0x0000000086d00000, 0x0000000086d00000, 0x0000000086e00000|  0%| F|  |TAMS 0x0000000086d00000, 0x0000000086d00000| Untracked 
|  76|0x0000000086e00000, 0x0000000086e00000, 0x0000000086f00000|  0%| F|  |TAMS 0x0000000086e00000, 0x0000000086e00000| Untracked 
|  77|0x0000000086f00000, 0x0000000086f00000, 0x0000000087000000|  0%| F|  |TAMS 0x0000000086f00000, 0x0000000086f00000| Untracked 
|  78|0x0000000087000000, 0x0000000087000000, 0x0000000087100000|  0%| F|  |TAMS 0x0000000087000000, 0x0000000087000000| Untracked 
|  79|0x0000000087100000, 0x0000000087100000, 0x0000000087200000|  0%| F|  |TAMS 0x0000000087100000, 0x0000000087100000| Untracked 
|  80|0x0000000087200000, 0x0000000087200000, 0x0000000087300000|  0%| F|  |TAMS 0x0000000087200000, 0x0000000087200000| Untracked 
|  81|0x0000000087300000, 0x0000000087300000, 0x0000000087400000|  0%| F|  |TAMS 0x0000000087300000, 0x0000000087300000| Untracked 
|  82|0x0000000087400000, 0x0000000087400000, 0x0000000087500000|  0%| F|  |TAMS 0x0000000087400000, 0x0000000087400000| Untracked 
|  83|0x0000000087500000, 0x0000000087500000, 0x0000000087600000|  0%| F|  |TAMS 0x0000000087500000, 0x0000000087500000| Untracked 
|  84|0x0000000087600000, 0x0000000087600000, 0x0000000087700000|  0%| F|  |TAMS 0x0000000087600000, 0x0000000087600000| Untracked 
|  85|0x0000000087700000, 0x0000000087700000, 0x0000000087800000|  0%| F|  |TAMS 0x0000000087700000, 0x0000000087700000| Untracked 
|  86|0x0000000087800000, 0x0000000087800000, 0x0000000087900000|  0%| F|  |TAMS 0x0000000087800000, 0x0000000087800000| Untracked 
|  87|0x0000000087900000, 0x0000000087900000, 0x0000000087a00000|  0%| F|  |TAMS 0x0000000087900000, 0x0000000087900000| Untracked 
|  88|0x0000000087a00000, 0x0000000087a00000, 0x0000000087b00000|  0%| F|  |TAMS 0x0000000087a00000, 0x0000000087a00000| Untracked 
|  89|0x0000000087b00000, 0x0000000087b00000, 0x0000000087c00000|  0%| F|  |TAMS 0x0000000087b00000, 0x0000000087b00000| Untracked 
|  90|0x0000000087c00000, 0x0000000087c00000, 0x0000000087d00000|  0%| F|  |TAMS 0x0000000087c00000, 0x0000000087c00000| Untracked 
|  91|0x0000000087d00000, 0x0000000087d00000, 0x0000000087e00000|  0%| F|  |TAMS 0x0000000087d00000, 0x0000000087d00000| Untracked 
|  92|0x0000000087e00000, 0x0000000087e00000, 0x0000000087f00000|  0%| F|  |TAMS 0x0000000087e00000, 0x0000000087e00000| Untracked 
|  93|0x0000000087f00000, 0x0000000087f00000, 0x0000000088000000|  0%| F|  |TAMS 0x0000000087f00000, 0x0000000087f00000| Untracked 
|  94|0x0000000088000000, 0x0000000088000000, 0x0000000088100000|  0%| F|  |TAMS 0x0000000088000000, 0x0000000088000000| Untracked 
|  95|0x0000000088100000, 0x0000000088100000, 0x0000000088200000|  0%| F|  |TAMS 0x0000000088100000, 0x0000000088100000| Untracked 
|  96|0x0000000088200000, 0x0000000088200000, 0x0000000088300000|  0%| F|  |TAMS 0x0000000088200000, 0x0000000088200000| Untracked 
|  97|0x0000000088300000, 0x0000000088300000, 0x0000000088400000|  0%| F|  |TAMS 0x0000000088300000, 0x0000000088300000| Untracked 
|  98|0x0000000088400000, 0x0000000088400000, 0x0000000088500000|  0%| F|  |TAMS 0x0000000088400000, 0x0000000088400000| Untracked 
|  99|0x0000000088500000, 0x0000000088500000, 0x0000000088600000|  0%| F|  |TAMS 0x0000000088500000, 0x0000000088500000| Untracked 
| 100|0x0000000088600000, 0x0000000088600000, 0x0000000088700000|  0%| F|  |TAMS 0x0000000088600000, 0x0000000088600000| Untracked 
| 101|0x0000000088700000, 0x0000000088700000, 0x0000000088800000|  0%| F|  |TAMS 0x0000000088700000, 0x0000000088700000| Untracked 
| 102|0x0000000088800000, 0x0000000088800000, 0x0000000088900000|  0%| F|  |TAMS 0x0000000088800000, 0x0000000088800000| Untracked 
| 103|0x0000000088900000, 0x0000000088900000, 0x0000000088a00000|  0%| F|  |TAMS 0x0000000088900000, 0x0000000088900000| Untracked 
| 104|0x0000000088a00000, 0x0000000088a00000, 0x0000000088b00000|  0%| F|  |TAMS 0x0000000088a00000, 0x0000000088a00000| Untracked 
| 105|0x0000000088b00000, 0x0000000088b00000, 0x0000000088c00000|  0%| F|  |TAMS 0x0000000088b00000, 0x0000000088b00000| Untracked 
| 106|0x0000000088c00000, 0x0000000088c00000, 0x0000000088d00000|  0%| F|  |TAMS 0x0000000088c00000, 0x0000000088c00000| Untracked 
| 107|0x0000000088d00000, 0x0000000088d00000, 0x0000000088e00000|  0%| F|  |TAMS 0x0000000088d00000, 0x0000000088d00000| Untracked 
| 108|0x0000000088e00000, 0x0000000088e00000, 0x0000000088f00000|  0%| F|  |TAMS 0x0000000088e00000, 0x0000000088e00000| Untracked 
| 109|0x0000000088f00000, 0x0000000088f00000, 0x0000000089000000|  0%| F|  |TAMS 0x0000000088f00000, 0x0000000088f00000| Untracked 
| 110|0x0000000089000000, 0x0000000089000000, 0x0000000089100000|  0%| F|  |TAMS 0x0000000089000000, 0x0000000089000000| Untracked 
| 111|0x0000000089100000, 0x0000000089100000, 0x0000000089200000|  0%| F|  |TAMS 0x0000000089100000, 0x0000000089100000| Untracked 
| 112|0x0000000089200000, 0x0000000089200000, 0x0000000089300000|  0%| F|  |TAMS 0x0000000089200000, 0x0000000089200000| Untracked 
| 113|0x0000000089300000, 0x0000000089300000, 0x0000000089400000|  0%| F|  |TAMS 0x0000000089300000, 0x0000000089300000| Untracked 
| 114|0x0000000089400000, 0x0000000089400000, 0x0000000089500000|  0%| F|  |TAMS 0x0000000089400000, 0x0000000089400000| Untracked 
| 115|0x0000000089500000, 0x0000000089500000, 0x0000000089600000|  0%| F|  |TAMS 0x0000000089500000, 0x0000000089500000| Untracked 
| 116|0x0000000089600000, 0x0000000089600000, 0x0000000089700000|  0%| F|  |TAMS 0x0000000089600000, 0x0000000089600000| Untracked 
| 117|0x0000000089700000, 0x0000000089700000, 0x0000000089800000|  0%| F|  |TAMS 0x0000000089700000, 0x0000000089700000| Untracked 
| 118|0x0000000089800000, 0x0000000089800000, 0x0000000089900000|  0%| F|  |TAMS 0x0000000089800000, 0x0000000089800000| Untracked 
| 119|0x0000000089900000, 0x0000000089a00000, 0x0000000089a00000|100%| E|  |TAMS 0x0000000089900000, 0x0000000089900000| Complete 
| 120|0x0000000089a00000, 0x0000000089b00000, 0x0000000089b00000|100%| E|CS|TAMS 0x0000000089a00000, 0x0000000089a00000| Complete 
| 121|0x0000000089b00000, 0x0000000089c00000, 0x0000000089c00000|100%| E|CS|TAMS 0x0000000089b00000, 0x0000000089b00000| Complete 
| 122|0x0000000089c00000, 0x0000000089d00000, 0x0000000089d00000|100%| E|CS|TAMS 0x0000000089c00000, 0x0000000089c00000| Complete 
| 123|0x0000000089d00000, 0x0000000089e00000, 0x0000000089e00000|100%| E|CS|TAMS 0x0000000089d00000, 0x0000000089d00000| Complete 
| 124|0x0000000089e00000, 0x0000000089f00000, 0x0000000089f00000|100%| E|CS|TAMS 0x0000000089e00000, 0x0000000089e00000| Complete 
| 125|0x0000000089f00000, 0x000000008a000000, 0x000000008a000000|100%| E|CS|TAMS 0x0000000089f00000, 0x0000000089f00000| Complete 

Card table byte_map: [0x0000019cf2ad0000,0x0000019cf2ec0000] _byte_map_base: 0x0000019cf26bf000

Marking Bits (Prev, Next): (CMBitMap*) 0x0000019ce019f1e0, (CMBitMap*) 0x0000019ce019f220
 Prev Bits: [0x0000019cf32b0000, 0x0000019cf5228000)
 Next Bits: [0x0000019cf5230000, 0x0000019cf71a8000)

Polling page: 0x0000019cdf940000

Metaspace:

Usage:
  Non-class:      9.05 MB used.
      Class:    875.52 KB used.
       Both:      9.91 MB used.

Virtual space:
  Non-class space:       16.00 MB reserved,       9.12 MB ( 57%) committed,  2 nodes.
      Class space:        1.00 GB reserved,     960.00 KB ( <1%) committed,  1 nodes.
              Both:        1.02 GB reserved,      10.06 MB ( <1%) committed. 

Chunk freelists:
   Non-Class:  2.66 MB
       Class:  3.09 MB
        Both:  5.75 MB

MaxMetaspaceSize: 17179869184.00 GB
CompressedClassSpaceSize: 1.00 GB
 - commit_granule_bytes: 65536.
 - commit_granule_words: 8192.
 - virtual_space_node_default_size: 1048576.
 - enlarge_chunks_in_place: 1.
 - new_chunks_are_fully_committed: 0.
 - uncommit_free_chunks: 1.
 - use_allocation_guard: 0.
 - handle_deallocations: 1.


Internal statistics:

num_allocs_failed_limit: 0.
num_arena_births: 12.
num_arena_deaths: 0.
num_vsnodes_births: 3.
num_vsnodes_deaths: 0.
num_space_committed: 161.
num_space_uncommitted: 0.
num_chunks_returned_to_freelist: 0.
num_chunks_taken_from_freelist: 57.
num_chunk_merges: 0.
num_chunk_splits: 23.
num_chunks_enlarged: 17.
num_purges: 0.

CodeHeap 'non-profiled nmethods': size=120000Kb used=157Kb max_used=157Kb free=119842Kb
 bounds [0x0000019ceb1b0000, 0x0000019ceb420000, 0x0000019cf26e0000]
CodeHeap 'profiled nmethods': size=120000Kb used=627Kb max_used=627Kb free=119372Kb
 bounds [0x0000019ce3c80000, 0x0000019ce3ef0000, 0x0000019ceb1b0000]
CodeHeap 'non-nmethods': size=5760Kb used=1209Kb max_used=1226Kb free=4550Kb
 bounds [0x0000019ce36e0000, 0x0000019ce3950000, 0x0000019ce3c80000]
 total_blobs=893 nmethods=476 adapters=330
 compilation: enabled
              stopped_count=0, restarted_count=0
 full_count=0

Compilation events (20 events):
Event: 276.727 Thread 0x0000019cfa084ba0 nmethod 468 0x0000019ce3d1a390 code [0x0000019ce3d1a560, 0x0000019ce3d1a868]
Event: 276.727 Thread 0x0000019cfa084ba0  469       1       org.eclipse.jdt.launching.internal.org.objectweb.asm.MethodWriter::hasAsmInstructions (5 bytes)
Event: 276.727 Thread 0x0000019cfa084ba0 nmethod 469 0x0000019ceb1d7090 code [0x0000019ceb1d7220, 0x0000019ceb1d72f8]
Event: 327.391 Thread 0x0000019cfa084ba0  470       1       sun.instrument.TransformerManager$TransformerInfo::transformer (5 bytes)
Event: 327.391 Thread 0x0000019cfa084ba0 nmethod 470 0x0000019ceb1d7390 code [0x0000019ceb1d7520, 0x0000019ceb1d75f8]
Event: 327.391 Thread 0x0000019cfa084ba0  471       3       org.eclipse.jdt.launching.internal.org.objectweb.asm.SymbolTable::addConstantMemberReference (29 bytes)
Event: 327.391 Thread 0x0000019cfa084ba0 nmethod 471 0x0000019ce3d1aa10 code [0x0000019ce3d1ac00, 0x0000019ce3d1afa8]
Event: 327.391 Thread 0x0000019cfa084ba0  472       3       org.eclipse.jdt.launching.internal.org.objectweb.asm.SymbolTable::hash (20 bytes)
Event: 327.394 Thread 0x0000019cfa084ba0 nmethod 472 0x0000019ce3d1b290 code [0x0000019ce3d1b460, 0x0000019ce3d1b648]
Event: 393.128 Thread 0x0000019cfa084ba0  473       3       org.eclipse.jdt.launching.internal.org.objectweb.asm.SymbolTable::addConstantNameAndType (28 bytes)
Event: 393.128 Thread 0x0000019cfa084ba0 nmethod 473 0x0000019ce3d1b810 code [0x0000019ce3d1ba00, 0x0000019ce3d1bd38]
Event: 730.539 Thread 0x0000019cf96d8220  474       4       org.eclipse.jdt.launching.internal.org.objectweb.asm.ClassReader::readUtf (44 bytes)
Event: 730.539 Thread 0x0000019cfa084ba0  475       3       org.eclipse.jdt.launching.internal.org.objectweb.asm.ByteVector::putByteArray (49 bytes)
Event: 730.540 Thread 0x0000019cfa084ba0 nmethod 475 0x0000019ce3d1bf90 code [0x0000019ce3d1c140, 0x0000019ce3d1c418]
Event: 730.544 Thread 0x0000019cf96d8220 

Event: 764.896 Thread 0x0000019cfa084ba0  476       3       org.eclipse.jdt.launching.internal.org.objectweb.asm.SymbolTable$Entry::<init> (20 bytes)
Event: 764.896 Thread 0x0000019cfa084ba0 nmethod 476 0x0000019ce3d1c510 code [0x0000019ce3d1c6c0, 0x0000019ce3d1c868]
Event: 817.164 Thread 0x0000019cfa084ba0  477       3       org.eclipse.jdt.launching.internal.org.objectweb.asm.SymbolTable$Entry::<init> (18 bytes)
Event: 817.165 Thread 0x0000019cf96d8220  478       4       java.lang.String::hashCode (60 bytes)
Event: 817.165 Thread 0x0000019cfa084ba0 nmethod 477 0x0000019ce3d1c990 code [0x0000019ce3d1cb40, 0x0000019ce3d1cce8]

GC Heap History (0 events):
No events

Deoptimization events (20 events):
Event: 0.729 Thread 0x0000019ce015dd10 DEOPT PACKING pc=0x0000019ce3cf2470 sp=0x0000008e74ef8040
Event: 0.729 Thread 0x0000019ce015dd10 DEOPT UNPACKING pc=0x0000019ce372dece sp=0x0000008e74ef74a8 mode 0
Event: 0.731 Thread 0x0000019ce015dd10 DEOPT PACKING pc=0x0000019ce3cf2470 sp=0x0000008e74ef8040
Event: 0.731 Thread 0x0000019ce015dd10 DEOPT UNPACKING pc=0x0000019ce372dece sp=0x0000008e74ef74a8 mode 0
Event: 0.731 Thread 0x0000019ce015dd10 DEOPT PACKING pc=0x0000019ce3cf2470 sp=0x0000008e74ef8040
Event: 0.731 Thread 0x0000019ce015dd10 DEOPT UNPACKING pc=0x0000019ce372dece sp=0x0000008e74ef74a8 mode 0
Event: 0.731 Thread 0x0000019ce015dd10 DEOPT PACKING pc=0x0000019ce3cf2470 sp=0x0000008e74ef8040
Event: 0.731 Thread 0x0000019ce015dd10 DEOPT UNPACKING pc=0x0000019ce372dece sp=0x0000008e74ef74a8 mode 0
Event: 0.735 Thread 0x0000019ce015dd10 DEOPT PACKING pc=0x0000019ce3cf2470 sp=0x0000008e74efba70
Event: 0.736 Thread 0x0000019ce015dd10 DEOPT UNPACKING pc=0x0000019ce372dece sp=0x0000008e74efaed8 mode 0
Event: 0.736 Thread 0x0000019ce015dd10 DEOPT PACKING pc=0x0000019ce3cf2470 sp=0x0000008e74efba70
Event: 0.736 Thread 0x0000019ce015dd10 DEOPT UNPACKING pc=0x0000019ce372dece sp=0x0000008e74efaed8 mode 0
Event: 0.793 Thread 0x0000019ce015dd10 Uncommon trap: trap_request=0xffffff45 fr.pc=0x0000019ceb1b940c relative=0x00000000000001ec
Event: 0.793 Thread 0x0000019ce015dd10 Uncommon trap: reason=unstable_if action=reinterpret pc=0x0000019ceb1b940c method=java.lang.String.isLatin1()Z @ 10 c2
Event: 0.793 Thread 0x0000019ce015dd10 DEOPT PACKING pc=0x0000019ceb1b940c sp=0x0000008e74efc890
Event: 0.793 Thread 0x0000019ce015dd10 DEOPT UNPACKING pc=0x0000019ce372d72e sp=0x0000008e74efc7c0 mode 2
Event: 0.804 Thread 0x0000019ce015dd10 Uncommon trap: trap_request=0xffffff45 fr.pc=0x0000019ceb1c1e68 relative=0x0000000000000048
Event: 0.804 Thread 0x0000019ce015dd10 Uncommon trap: reason=unstable_if action=reinterpret pc=0x0000019ceb1c1e68 method=java.lang.CharacterData.of(I)Ljava/lang/CharacterData; @ 4 c2
Event: 0.804 Thread 0x0000019ce015dd10 DEOPT PACKING pc=0x0000019ceb1c1e68 sp=0x0000008e74efe7c0
Event: 0.804 Thread 0x0000019ce015dd10 DEOPT UNPACKING pc=0x0000019ce372d72e sp=0x0000008e74efe760 mode 2

Classes unloaded (0 events):
No events

Classes redefined (8 events):
Event: 17.118 Thread 0x0000019cf964a990 redefined class name=prevencionDeRiesgo.Revision, count=1
Event: 276.727 Thread 0x0000019cf964a990 redefined class name=prevencionDeRiesgo.Revision, count=2
Event: 327.393 Thread 0x0000019cf964a990 redefined class name=prevencionDeRiesgo.Revision, count=3
Event: 393.130 Thread 0x0000019cf964a990 redefined class name=prevencionDeRiesgo.Revision, count=4
Event: 461.505 Thread 0x0000019cf964a990 redefined class name=prevencionDeRiesgo.Revision, count=5
Event: 644.996 Thread 0x0000019cf964a990 redefined class name=prevencionDeRiesgo.Revision, count=6
Event: 730.541 Thread 0x0000019cf964a990 redefined class name=prevencionDeRiesgo.Revision, count=7
Event: 764.897 Thread 0x0000019cf964a990 redefined class name=prevencionDeRiesgo.Revision, count=8

Internal exceptions (1 events):
Event: 0.696 Thread 0x0000019ce015dd10 Exception <a 'java/lang/NoSuchMethodError'{0x0000000089cfe948}: 'java.lang.Object java.lang.invoke.DirectMethodHandle$Holder.invokeStatic(java.lang.Object)'> (0x0000000089cfe948) 
thrown [t:\workspace\open\src\hotspot\share\interpreter\linkResolver.cpp, line 790]

Events (20 events):
Event: 645.016 Executing  VM operation: ChangeBreakpoints done
Event: 645.020 Executing  VM operation: ChangeBreakpoints
Event: 645.020 Executing  VM operation: ChangeBreakpoints done
Event: 730.540 Executing  VM operation: RedefineClasses
Event: 730.542 Executing  VM operation: RedefineClasses done
Event: 730.550 Executing  VM operation: ChangeBreakpoints
Event: 730.550 Executing  VM operation: ChangeBreakpoints done
Event: 730.554 Executing  VM operation: ChangeBreakpoints
Event: 730.555 Executing  VM operation: ChangeBreakpoints done
Event: 730.558 Executing  VM operation: ChangeBreakpoints
Event: 730.558 Executing  VM operation: ChangeBreakpoints done
Event: 730.562 Executing  VM operation: ChangeBreakpoints
Event: 730.562 Executing  VM operation: ChangeBreakpoints done
Event: 764.896 Executing  VM operation: RedefineClasses
Event: 764.899 Executing  VM operation: RedefineClasses done
Event: 764.903 Executing  VM operation: ChangeBreakpoints
Event: 764.904 Executing  VM operation: ChangeBreakpoints done
Event: 816.950 Executing  VM operation: ChangeBreakpoints
Event: 816.950 Executing  VM operation: ChangeBreakpoints done
Event: 817.166 Executing  VM operation: RedefineClasses


Dynamic libraries:
0x00007ff6c5a50000 - 0x00007ff6c5a5e000 	C:\Users\dfher\Downloads\eclipse-java-2021-09-R-win32-x86_64\eclipse\plugins\org.eclipse.justj.openjdk.hotspot.jre.full.win32.x86_64_16.0.2.v20210721-1149\jre\bin\javaw.exe
0x00007ff8f1590000 - 0x00007ff8f1785000 	C:\Windows\SYSTEM32\ntdll.dll
0x00007ff8f1300000 - 0x00007ff8f13be000 	C:\Windows\System32\KERNEL32.DLL
0x00007ff8ef2c0000 - 0x00007ff8ef589000 	C:\Windows\System32\KERNELBASE.dll
0x00007ff8eed70000 - 0x00007ff8eee70000 	C:\Windows\System32\ucrtbase.dll
0x00007ff8e7b20000 - 0x00007ff8e7b38000 	C:\Users\dfher\Downloads\eclipse-java-2021-09-R-win32-x86_64\eclipse\plugins\org.eclipse.justj.openjdk.hotspot.jre.full.win32.x86_64_16.0.2.v20210721-1149\jre\bin\jli.dll
0x00007ff8e7b00000 - 0x00007ff8e7b19000 	C:\Users\dfher\Downloads\eclipse-java-2021-09-R-win32-x86_64\eclipse\plugins\org.eclipse.justj.openjdk.hotspot.jre.full.win32.x86_64_16.0.2.v20210721-1149\jre\bin\VCRUNTIME140.dll
0x00007ff8ef5f0000 - 0x00007ff8ef791000 	C:\Windows\System32\USER32.dll
0x00007ff8eecb0000 - 0x00007ff8eecd2000 	C:\Windows\System32\win32u.dll
0x00007ff8f0b30000 - 0x00007ff8f0b5b000 	C:\Windows\System32\GDI32.dll
0x00007ff8eee70000 - 0x00007ff8eef7b000 	C:\Windows\System32\gdi32full.dll
0x00007ff8e2120000 - 0x00007ff8e23ba000 	C:\Windows\WinSxS\amd64_microsoft.windows.common-controls_6595b64144ccf1df_6.0.19041.1110_none_60b5254171f9507e\COMCTL32.dll
0x00007ff8eef80000 - 0x00007ff8ef01d000 	C:\Windows\System32\msvcp_win.dll
0x00007ff8f0170000 - 0x00007ff8f020e000 	C:\Windows\System32\msvcrt.dll
0x00007ff8efc00000 - 0x00007ff8efc30000 	C:\Windows\System32\IMM32.DLL
0x00007ff8ec4d0000 - 0x00007ff8ec4dc000 	C:\Users\dfher\Downloads\eclipse-java-2021-09-R-win32-x86_64\eclipse\plugins\org.eclipse.justj.openjdk.hotspot.jre.full.win32.x86_64_16.0.2.v20210721-1149\jre\bin\vcruntime140_1.dll
0x00007ff8d8bc0000 - 0x00007ff8d8c51000 	C:\Users\dfher\Downloads\eclipse-java-2021-09-R-win32-x86_64\eclipse\plugins\org.eclipse.justj.openjdk.hotspot.jre.full.win32.x86_64_16.0.2.v20210721-1149\jre\bin\msvcp140.dll
0x00007ff8a6800000 - 0x00007ff8a73ab000 	C:\Users\dfher\Downloads\eclipse-java-2021-09-R-win32-x86_64\eclipse\plugins\org.eclipse.justj.openjdk.hotspot.jre.full.win32.x86_64_16.0.2.v20210721-1149\jre\bin\server\jvm.dll
0x00007ff8f08e0000 - 0x00007ff8f098c000 	C:\Windows\System32\ADVAPI32.dll
0x00007ff8f02b0000 - 0x00007ff8f034b000 	C:\Windows\System32\sechost.dll
0x00007ff8f0a00000 - 0x00007ff8f0b2a000 	C:\Windows\System32\RPCRT4.dll
0x00007ff8ef5e0000 - 0x00007ff8ef5e8000 	C:\Windows\System32\PSAPI.DLL
0x00007ff8e9660000 - 0x00007ff8e9669000 	C:\Windows\SYSTEM32\WSOCK32.dll
0x00007ff8db6d0000 - 0x00007ff8db6f7000 	C:\Windows\SYSTEM32\WINMM.dll
0x00007ff8f0990000 - 0x00007ff8f09fb000 	C:\Windows\System32\WS2_32.dll
0x00007ff8e2f00000 - 0x00007ff8e2f0a000 	C:\Windows\SYSTEM32\VERSION.dll
0x00007ff8ecbd0000 - 0x00007ff8ecbe2000 	C:\Windows\SYSTEM32\kernel.appcore.dll
0x00007ff8e7db0000 - 0x00007ff8e7dba000 	C:\Users\dfher\Downloads\eclipse-java-2021-09-R-win32-x86_64\eclipse\plugins\org.eclipse.justj.openjdk.hotspot.jre.full.win32.x86_64_16.0.2.v20210721-1149\jre\bin\jimage.dll
0x00007ff8e1050000 - 0x00007ff8e1234000 	C:\Windows\SYSTEM32\DBGHELP.DLL
0x00007ff8e0530000 - 0x00007ff8e055c000 	C:\Windows\SYSTEM32\dbgcore.DLL
0x00007ff8eece0000 - 0x00007ff8eed63000 	C:\Windows\System32\bcryptPrimitives.dll
0x00007ff8d8b00000 - 0x00007ff8d8b3b000 	C:\Users\dfher\Downloads\eclipse-java-2021-09-R-win32-x86_64\eclipse\plugins\org.eclipse.justj.openjdk.hotspot.jre.full.win32.x86_64_16.0.2.v20210721-1149\jre\bin\jdwp.dll
0x00007ff8e7af0000 - 0x00007ff8e7afe000 	C:\Users\dfher\Downloads\eclipse-java-2021-09-R-win32-x86_64\eclipse\plugins\org.eclipse.justj.openjdk.hotspot.jre.full.win32.x86_64_16.0.2.v20210721-1149\jre\bin\instrument.dll
0x00007ff8d8cb0000 - 0x00007ff8d8cd5000 	C:\Users\dfher\Downloads\eclipse-java-2021-09-R-win32-x86_64\eclipse\plugins\org.eclipse.justj.openjdk.hotspot.jre.full.win32.x86_64_16.0.2.v20210721-1149\jre\bin\java.dll
0x00007ff8dc4f0000 - 0x00007ff8dc508000 	C:\Users\dfher\Downloads\eclipse-java-2021-09-R-win32-x86_64\eclipse\plugins\org.eclipse.justj.openjdk.hotspot.jre.full.win32.x86_64_16.0.2.v20210721-1149\jre\bin\zip.dll
0x00007ff8f0b60000 - 0x00007ff8f129f000 	C:\Windows\System32\SHELL32.dll
0x00007ff8ecdd0000 - 0x00007ff8ed560000 	C:\Windows\SYSTEM32\windows.storage.dll
0x00007ff8ef7a0000 - 0x00007ff8efaf5000 	C:\Windows\System32\combase.dll
0x00007ff8ee630000 - 0x00007ff8ee65c000 	C:\Windows\SYSTEM32\Wldp.dll
0x00007ff8f0830000 - 0x00007ff8f08dd000 	C:\Windows\System32\SHCORE.dll
0x00007ff8f12a0000 - 0x00007ff8f12f5000 	C:\Windows\System32\shlwapi.dll
0x00007ff8eebf0000 - 0x00007ff8eec0f000 	C:\Windows\SYSTEM32\profapi.dll
0x00007ff8e7ac0000 - 0x00007ff8e7acc000 	C:\Users\dfher\Downloads\eclipse-java-2021-09-R-win32-x86_64\eclipse\plugins\org.eclipse.justj.openjdk.hotspot.jre.full.win32.x86_64_16.0.2.v20210721-1149\jre\bin\dt_socket.dll
0x00007ff8ee080000 - 0x00007ff8ee0bb000 	C:\Windows\SYSTEM32\IPHLPAPI.DLL
0x00007ff8ee390000 - 0x00007ff8ee3fa000 	C:\Windows\system32\mswsock.dll
0x00007ff8ee0c0000 - 0x00007ff8ee18c000 	C:\Windows\SYSTEM32\DNSAPI.dll
0x00007ff8f1540000 - 0x00007ff8f1548000 	C:\Windows\System32\NSI.dll
0x00007ff8e3c40000 - 0x00007ff8e3c4a000 	C:\Windows\System32\rasadhlp.dll
0x00007ff8e3c50000 - 0x00007ff8e3ccf000 	C:\Windows\System32\fwpuclnt.dll
0x00007ff8ef080000 - 0x00007ff8ef0a7000 	C:\Windows\System32\bcrypt.dll
0x00007ff8dbe00000 - 0x00007ff8dbe19000 	C:\Users\dfher\Downloads\eclipse-java-2021-09-R-win32-x86_64\eclipse\plugins\org.eclipse.justj.openjdk.hotspot.jre.full.win32.x86_64_16.0.2.v20210721-1149\jre\bin\net.dll
0x00007ff8e3d30000 - 0x00007ff8e3e38000 	C:\Windows\SYSTEM32\WINHTTP.dll
0x00007ff8dbce0000 - 0x00007ff8dbcf3000 	C:\Users\dfher\Downloads\eclipse-java-2021-09-R-win32-x86_64\eclipse\plugins\org.eclipse.justj.openjdk.hotspot.jre.full.win32.x86_64_16.0.2.v20210721-1149\jre\bin\nio.dll
0x00007ff8e79f0000 - 0x00007ff8e7a00000 	C:\Users\dfher\Downloads\eclipse-java-2021-09-R-win32-x86_64\eclipse\plugins\org.eclipse.justj.openjdk.hotspot.jre.full.win32.x86_64_16.0.2.v20210721-1149\jre\bin\verify.dll

dbghelp: loaded successfully - version: 4.0.5 - missing functions: none
symbol engine: initialized successfully - sym options: 0x614 - pdb path: .;C:\Users\dfher\Downloads\eclipse-java-2021-09-R-win32-x86_64\eclipse\plugins\org.eclipse.justj.openjdk.hotspot.jre.full.win32.x86_64_16.0.2.v20210721-1149\jre\bin;C:\Windows\SYSTEM32;C:\Windows\WinSxS\amd64_microsoft.windows.common-controls_6595b64144ccf1df_6.0.19041.1110_none_60b5254171f9507e;C:\Users\dfher\Downloads\eclipse-java-2021-09-R-win32-x86_64\eclipse\plugins\org.eclipse.justj.openjdk.hotspot.jre.full.win32.x86_64_16.0.2.v20210721-1149\jre\bin\server

VM Arguments:
jvm_args: -XX:+ShowCodeDetailsInExceptionMessages -agentlib:jdwp=transport=dt_socket,suspend=y,address=localhost:50191 -javaagent:C:\Users\dfher\eclipse\java-2021-09\eclipse\configuration\org.eclipse.osgi\222\0\.cp\lib\javaagent-shaded.jar -Dfile.encoding=Cp1252 
java_command: prevencionDeRiesgo.Principal
java_class_path (initial): C:\Users\dfher\eclipse-workspace\SprintFinalD\bin
Launcher Type: SUN_STANDARD

[Global flags]
     intx CICompilerCount                          = 3                                         {product} {ergonomic}
     uint ConcGCThreads                            = 1                                         {product} {ergonomic}
     uint G1ConcRefinementThreads                  = 4                                         {product} {ergonomic}
   size_t G1HeapRegionSize                         = 1048576                                   {product} {ergonomic}
    uintx GCDrainStackTargetSize                   = 64                                        {product} {ergonomic}
   size_t InitialHeapSize                          = 132120576                                 {product} {ergonomic}
   size_t MarkStackSize                            = 4194304                                   {product} {ergonomic}
   size_t MaxHeapSize                              = 2111832064                                {product} {ergonomic}
   size_t MaxNewSize                               = 1266679808                                {product} {ergonomic}
   size_t MinHeapDeltaBytes                        = 1048576                                   {product} {ergonomic}
   size_t MinHeapSize                              = 8388608                                   {product} {ergonomic}
    uintx NonNMethodCodeHeapSize                   = 5832780                                {pd product} {ergonomic}
    uintx NonProfiledCodeHeapSize                  = 122912730                              {pd product} {ergonomic}
    uintx ProfiledCodeHeapSize                     = 122912730                              {pd product} {ergonomic}
    uintx ReservedCodeCacheSize                    = 251658240                              {pd product} {ergonomic}
     bool SegmentedCodeCache                       = true                                      {product} {ergonomic}
     bool ShowCodeDetailsInExceptionMessages       = true                                   {manageable} {command line}
   size_t SoftMaxHeapSize                          = 2111832064                             {manageable} {ergonomic}
     bool UseCompressedClassPointers               = true                           {product lp64_product} {ergonomic}
     bool UseCompressedOops                        = true                           {product lp64_product} {ergonomic}
     bool UseG1GC                                  = true                                      {product} {ergonomic}
     bool UseLargePagesIndividualAllocation        = false                                  {pd product} {ergonomic}

Logging:
Log output configuration:
 #0: stdout all=warning uptime,level,tags
 #1: stderr all=off uptime,level,tags

Environment Variables:
PATH=C:\Users\dfher\Downloads\eclipse-java-2021-09-R-win32-x86_64\eclipse\plugins\org.eclipse.justj.openjdk.hotspot.jre.full.win32.x86_64_16.0.2.v20210721-1149\jre\bin;C:/Program Files/Java/jdk-16.0.1/bin/server;C:/Program Files/Java/jdk-16.0.1/bin;C:\Program Files\Python39\Scripts\;C:\Program Files\Python39\;C:\ProgramData\Oracle\Java\javapath;C:\Program Files\Common Files\Oracle\Java\javapath;C:\Program Files (x86)\Common Files\Oracle\Java\javapath;C:\Python39\Scripts\;C:\Python39\;C:\Windows\system32;C:\Windows;C:\Windows\System32\Wbem;C:\Windows\System32\WindowsPowerShell\v1.0\;C:\Windows\System32\OpenSSH\;C:\ProgramData\chocolatey\bin;C:\Program Files (x86)\Microsoft SQL Server\150\DTS\Binn\;C:\Program Files\Azure Data Studio\bin;C:\Program Files\nodejs\;C:\Program Files\Git\cmd;C:\Program Files\MySQL\MySQL Shell 8.0\bin\;C:\Users\dfher\AppData\Local\Microsoft\WindowsApps;C:\Users\dfher\AppData\Local\Programs\Microsoft VS Code\bin;C:\Program Files\Azure Data Studio\bin;C:\Users\dfher\AppData\Roaming\npm;C:\Users\dfher\AppData\Local\GitHubDesktop\bin;C:\Windows\System32;
USERNAME=dfher
OS=Windows_NT
PROCESSOR_IDENTIFIER=Intel64 Family 6 Model 58 Stepping 9, GenuineIntel



---------------  S Y S T E M  ---------------

OS:
 Windows 10 , 64 bit Build 19041 (10.0.19041.1202)
OS uptime: 1 days 3:52 hours

CPU: total 4 (initial active 4) (4 cores per cpu, 1 threads per core) family 6 model 58 stepping 9 microcode 0x21, cx8, cmov, fxsr, mmx, sse, sse2, sse3, ssse3, sse4.1, sse4.2, popcnt, tsc, tscinvbit, avx, aes, erms, clmul, vzeroupper, clflush

Memory: 4k page, system-wide physical 8055M (1869M free)
TotalPageFile size 15991M (AvailPageFile size 3347M)
current process WorkingSet (physical memory assigned to process): 47M, peak: 48M
current process commit charge ("private bytes"): 200M, peak: 202M

vm_info: OpenJDK 64-Bit Server VM (16.0.2+7-67) for windows-amd64 JRE (16.0.2+7-67), built on Jun  8 2021 23:21:43 by "mach5one" with MS VC++ 16.7 (VS2019)

END.
