#
# A fatal error has been detected by the Java Runtime Environment:
#
#  EXCEPTION_ACCESS_VIOLATION (0xc0000005) at pc=0x00007ff8a6e0e558, pid=9340, tid=8172
#
# JRE version: OpenJDK Runtime Environment (16.0.2+7) (build 16.0.2+7-67)
# Java VM: OpenJDK 64-Bit Server VM (16.0.2+7-67, mixed mode, tiered, compressed oops, compressed class ptrs, g1 gc, windows-amd64)
# Problematic frame:
# V  [jvm.dll+0x60e558]
#
# No core dump will be written. Minidumps are not enabled by default on client versions of Windows
#
# If you would like to submit a bug report, please visit:
#   https://bugreport.java.com/bugreport/crash.jsp
#

---------------  S U M M A R Y ------------

Command Line: -XX:+ShowCodeDetailsInExceptionMessages -agentlib:jdwp=transport=dt_socket,suspend=y,address=localhost:50187 -javaagent:C:\Users\dfher\eclipse\java-2021-09\eclipse\configuration\org.eclipse.osgi\222\0\.cp\lib\javaagent-shaded.jar -Dfile.encoding=Cp1252 prevencionDeRiesgo.Principal

Host: Intel(R) Core(TM) i5-3330S CPU @ 2.70GHz, 4 cores, 7G,  Windows 10 , 64 bit Build 19041 (10.0.19041.1202)
Time: Thu Nov 18 12:17:57 2021 Hora verano Sudamérica Pacífico elapsed time: 851.557223 seconds (0d 0h 14m 11s)

---------------  T H R E A D  ---------------

Current thread (0x0000023963287a60):  VMThread "VM Thread" [stack: 0x000000c21c300000,0x000000c21c400000] [id=8172]

Stack: [0x000000c21c300000,0x000000c21c400000],  sp=0x000000c21c3fde38,  free space=1015k
Native frames: (J=compiled Java code, j=interpreted, Vv=VM code, C=native code)
V  [jvm.dll+0x60e558]


siginfo: EXCEPTION_ACCESS_VIOLATION (0xc0000005), reading address 0x00007fb2a70d49d8


Register to memory mapping:

RIP=0x00007ff8a6e0e558 jvm.dll
RAX=0x00007fb2a70d4970 is an unknown value
RBX=0x000002396320ae90 points into unknown readable memory: 0x0000000000000002 | 02 00 00 00 00 00 00 00
RCX=0x000002396504ba90 is pointing into metadata
RDX=0x000002396504ba01 is pointing into metadata
RSP=0x000000c21c3fde38 points into unknown readable memory: 0x00007ff8a6abf8a4 | a4 f8 ab a6 f8 7f 00 00
RBP=0x000000c21c3fded0 points into unknown readable memory: 0x000000c21bdff398 | 98 f3 df 1b c2 00 00 00
RSI=0x000000c21c3ff180 points into unknown readable memory: 0x00007ff8a7128f60 | 60 8f 12 a7 f8 7f 00 00
RDI=0x000002396327f130 points into unknown readable memory: 0x0000000000000000 | 00 00 00 00 00 00 00 00
R8 =0x0000000000000002 is an unknown value
R9 =0x0000023947d10000 points into unknown readable memory: 0x0100050403020100 | 00 01 02 03 04 05 00 01
R10=0x000002394cbc0000 points into unknown readable memory: 0x0000000000000006 | 06 00 00 00 00 00 00 00
R11=0x00000044b6db860a is an unknown value
R12=0x00000000000003d8 is an unknown value
R13=0x00007ff8a7310980 jvm.dll
R14=0x000002396327f140 points into unknown readable memory: 0x000002396504ef78 | 78 ef 04 65 39 02 00 00
R15=0x000002396327f518 points into unknown readable memory: 0x1019d6d0f2f8637d | 7d 63 f8 f2 d0 d6 19 10


Registers:
RAX=0x00007fb2a70d4970, RBX=0x000002396320ae90, RCX=0x000002396504ba90, RDX=0x000002396504ba01
RSP=0x000000c21c3fde38, RBP=0x000000c21c3fded0, RSI=0x000000c21c3ff180, RDI=0x000002396327f130
R8 =0x0000000000000002, R9 =0x0000023947d10000, R10=0x000002394cbc0000, R11=0x00000044b6db860a
R12=0x00000000000003d8, R13=0x00007ff8a7310980, R14=0x000002396327f140, R15=0x000002396327f518
RIP=0x00007ff8a6e0e558, EFLAGS=0x0000000000010202

Top of Stack: (sp=0x000000c21c3fde38)
0x000000c21c3fde38:   00007ff8a6abf8a4 0000023964483e30
0x000000c21c3fde48:   00007ff8a6ac1a6d 000002394cbc8e10
0x000000c21c3fde58:   000000c21c3fdea0 00000000000003d8
0x000000c21c3fde68:   000002396327f518 00007ff8a70a3010
0x000000c21c3fde78:   00007ff8a6f7d487 0000023947e8d300
0x000000c21c3fde88:   0000023964483ea8 0000023964483e30
0x000000c21c3fde98:   000000c21c3ff180 000000c21bdff398
0x000000c21c3fdea8:   000002394cbca426 000002394cbc8e10
0x000000c21c3fdeb8:   00007ff800000000 000000c21bdff400
0x000000c21c3fdec8:   000000c21bdff3b0 000000c21bdff398
0x000000c21c3fded8:   000002394cbca426 000002394cbc8e10
0x000000c21c3fdee8:   00007ff800000000 000000c21bdff400
0x000000c21c3fdef8:   000000c21bdff3b0 0000000000000000
0x000000c21c3fdf08:   0000000000000000 0000000000000000
0x000000c21c3fdf18:   0000000000000000 0000000000000000
0x000000c21c3fdf28:   0000000000000000 0000000000000000 

Instructions: (pc=0x00007ff8a6e0e558)
0x00007ff8a6e0e458:   8b c7 48 8b 74 24 40 48 83 c4 20 5f c3 cc cc cc
0x00007ff8a6e0e468:   cc cc cc cc cc cc cc cc 48 89 5c 24 18 55 48 83
0x00007ff8a6e0e478:   ec 20 48 8b 1d ff d2 4d 00 48 85 db 74 17 48 8b
0x00007ff8a6e0e488:   05 e3 d2 4d 00 48 89 83 08 02 00 00 48 89 1d d5
0x00007ff8a6e0e498:   d2 4d 00 eb 07 48 8b 1d cc d2 4d 00 33 ed 48 89
0x00007ff8a6e0e4a8:   2d d3 d2 4d 00 48 85 db 74 7e 48 89 74 24 30 48
0x00007ff8a6e0e4b8:   89 7c 24 38 0f 1f 40 00 48 8b b3 00 02 00 00 48
0x00007ff8a6e0e4c8:   8b fd 48 2b f3 48 c1 ee 03 48 85 f6 74 1e 66 66
0x00007ff8a6e0e4d8:   0f 1f 84 00 00 00 00 00 48 8b 0c fb 33 d2 48 8b
0x00007ff8a6e0e4e8:   01 ff 50 68 48 ff c7 48 3b fe 72 ec 48 8b 8b 08
0x00007ff8a6e0e4f8:   02 00 00 48 89 ab 08 02 00 00 48 89 9b 00 02 00
0x00007ff8a6e0e508:   00 48 8b 05 68 d2 4d 00 48 89 83 10 02 00 00 48
0x00007ff8a6e0e518:   89 1d 5a d2 4d 00 48 8b d9 48 85 c9 75 9a 48 8b
0x00007ff8a6e0e528:   7c 24 38 48 8b 74 24 30 48 8b 5c 24 40 48 89 2d
0x00007ff8a6e0e538:   34 d2 4d 00 48 83 c4 20 5d c3 cc cc cc cc cc cc
0x00007ff8a6e0e548:   cc cc cc cc cc cc cc cc 48 8b 02 48 8b ca b2 01
0x00007ff8a6e0e558:   48 ff 60 68 cc cc cc cc 48 8b 01 b2 01 48 ff 60
0x00007ff8a6e0e568:   68 cc cc cc cc cc cc cc 40 53 48 83 ec 20 48 8b
0x00007ff8a6e0e578:   15 03 d2 4d 00 48 8b d9 48 85 d2 74 21 48 8d 82
0x00007ff8a6e0e588:   00 02 00 00 48 39 00 75 72 48 8b 05 d8 d1 4d 00
0x00007ff8a6e0e598:   48 89 82 08 02 00 00 48 89 15 ca d1 4d 00 48 8b
0x00007ff8a6e0e5a8:   15 cb d1 4d 00 48 85 d2 74 10 48 8b 82 10 02 00
0x00007ff8a6e0e5b8:   00 48 89 05 b8 d1 4d 00 eb 3a 45 33 c0 b9 18 02
0x00007ff8a6e0e5c8:   00 00 41 8d 50 08 e8 ad a0 a9 ff 48 8b d0 48 85
0x00007ff8a6e0e5d8:   c0 74 1f 48 89 80 00 02 00 00 48 c7 80 08 02 00
0x00007ff8a6e0e5e8:   00 00 00 00 00 48 c7 80 10 02 00 00 00 00 00 00
0x00007ff8a6e0e5f8:   eb 02 33 d2 48 89 15 7d d1 4d 00 48 8b 82 00 02
0x00007ff8a6e0e608:   00 00 48 89 18 48 83 82 00 02 00 00 08 48 83 c4
0x00007ff8a6e0e618:   20 5b c3 cc cc cc cc cc 48 89 4c 24 08 48 89 54
0x00007ff8a6e0e628:   24 10 4c 89 44 24 18 4c 89 4c 24 20 48 83 ec 28
0x00007ff8a6e0e638:   4c 8b c1 4c 8d 4c 24 38 48 8d 0d 59 d1 4d 00 ba
0x00007ff8a6e0e648:   01 00 00 00 e8 ff 1d f5 ff 48 83 c4 28 c3 cc cc 


Stack slot to memory mapping:
stack at sp + 0 slots: 0x00007ff8a6abf8a4 jvm.dll
stack at sp + 1 slots: 0x0000023964483e30 points into unknown readable memory: 0x0000023947e8d300 | 00 d3 e8 47 39 02 00 00
stack at sp + 2 slots: 0x00007ff8a6ac1a6d jvm.dll
stack at sp + 3 slots: 0x000002394cbc8e10 is at code_begin+-112 in 
[CodeBlob (0x000002394cbc8e10)]
Framesize: 0
BufferBlob (0x000002394cbc8e10) used for Interpreter
stack at sp + 4 slots: 0x000000c21c3fdea0 points into unknown readable memory: 0x000000c21bdff398 | 98 f3 df 1b c2 00 00 00
stack at sp + 5 slots: 0x00000000000003d8 is an unknown value
stack at sp + 6 slots: 0x000002396327f518 points into unknown readable memory: 0x1019d6d0f2f8637d | 7d 63 f8 f2 d0 d6 19 10
stack at sp + 7 slots: 0x00007ff8a70a3010 jvm.dll

VM_Operation (0x000000c21ceff1b0): RedefineClasses, mode: safepoint, requested by thread 0x0000023964038e60


---------------  P R O C E S S  ---------------

Threads class SMR info:
_java_thread_list=0x00000239640f7180, length=15, elements={
0x0000023947e8d300, 0x000002396329e250, 0x000002396329ed60, 0x00000239632ee740,
0x00000239632d3ce0, 0x00000239632d6600, 0x00000239632d8f20, 0x00000239632d9c10,
0x00000239632db590, 0x0000023963d82c20, 0x0000023963dd7f60, 0x0000023964038e60,
0x0000023963f6a060, 0x0000023963f6c5b0, 0x000002396446c0c0
}

Java Threads: ( => current thread )
  0x0000023947e8d300 JavaThread "main" [_thread_in_native, id=1056, stack(0x000000c21bd00000,0x000000c21be00000)]
  0x000002396329e250 JavaThread "Reference Handler" daemon [_thread_blocked, id=9392, stack(0x000000c21c400000,0x000000c21c500000)]
  0x000002396329ed60 JavaThread "Finalizer" daemon [_thread_blocked, id=15776, stack(0x000000c21c500000,0x000000c21c600000)]
  0x00000239632ee740 JavaThread "Signal Dispatcher" daemon [_thread_blocked, id=5336, stack(0x000000c21c600000,0x000000c21c700000)]
  0x00000239632d3ce0 JavaThread "Attach Listener" daemon [_thread_blocked, id=5992, stack(0x000000c21c700000,0x000000c21c800000)]
  0x00000239632d6600 JavaThread "Service Thread" daemon [_thread_blocked, id=8016, stack(0x000000c21c800000,0x000000c21c900000)]
  0x00000239632d8f20 JavaThread "Monitor Deflation Thread" daemon [_thread_blocked, id=2648, stack(0x000000c21c900000,0x000000c21ca00000)]
  0x00000239632d9c10 JavaThread "C2 CompilerThread0" daemon [_thread_blocked, id=6004, stack(0x000000c21ca00000,0x000000c21cb00000)]
  0x00000239632db590 JavaThread "C1 CompilerThread0" daemon [_thread_blocked, id=16464, stack(0x000000c21cb00000,0x000000c21cc00000)]
  0x0000023963d82c20 JavaThread "Sweeper thread" daemon [_thread_blocked, id=16096, stack(0x000000c21cc00000,0x000000c21cd00000)]
  0x0000023963dd7f60 JavaThread "Common-Cleaner" daemon [_thread_blocked, id=14780, stack(0x000000c21cd00000,0x000000c21ce00000)]
  0x0000023964038e60 JavaThread "JDWP Transport Listener: dt_socket" daemon [_thread_blocked, id=12460, stack(0x000000c21ce00000,0x000000c21cf00000)]
  0x0000023963f6a060 JavaThread "JDWP Event Helper Thread" daemon [_thread_blocked, id=14100, stack(0x000000c21cf00000,0x000000c21d000000)]
  0x0000023963f6c5b0 JavaThread "JDWP Command Reader" daemon [_thread_in_native, id=14776, stack(0x000000c21d000000,0x000000c21d100000)]
  0x000002396446c0c0 JavaThread "Notification Thread" daemon [_thread_blocked, id=11824, stack(0x000000c21d100000,0x000000c21d200000)]

Other Threads:
=>0x0000023963287a60 VMThread "VM Thread" [stack: 0x000000c21c300000,0x000000c21c400000] [id=8172]
  0x00000239640da530 WatcherThread [stack: 0x000000c21d200000,0x000000c21d300000] [id=6224]
  0x0000023947ecc5e0 GCTaskThread "GC Thread#0" [stack: 0x000000c21be00000,0x000000c21bf00000] [id=6508]
  0x0000023947edd1f0 ConcurrentGCThread "G1 Main Marker" [stack: 0x000000c21bf00000,0x000000c21c000000] [id=8844]
  0x0000023947ede4d0 ConcurrentGCThread "G1 Conc#0" [stack: 0x000000c21c000000,0x000000c21c100000] [id=11384]
  0x0000023947f54620 ConcurrentGCThread "G1 Refine#0" [stack: 0x000000c21c100000,0x000000c21c200000] [id=11632]
  0x0000023947f55fc0 ConcurrentGCThread "G1 Service" [stack: 0x000000c21c200000,0x000000c21c300000] [id=3564]

Threads with active compile tasks:

VM state: at safepoint (normal execution)

VM Mutex/Monitor currently owned by a thread:  ([mutex/lock_event])
[0x0000023947e870e0] Threads_lock - owner thread: 0x0000023963287a60

Heap address: 0x0000000082200000, size: 2014 MB, Compressed Oops mode: 32-bit

CDS disabled.
Compressed class space mapped at: 0x0000000100000000-0x0000000140000000, reserved size: 1073741824
Narrow klass base: 0x0000000000000000, Narrow klass shift: 3, Narrow klass range: 0x140000000

GC Precious Log:
 CPUs: 4 total, 4 available
 Memory: 8055M
 Large Page Support: Disabled
 NUMA Support: Disabled
 Compressed Oops: Enabled (32-bit)
 Heap Region Size: 1M
 Heap Min Capacity: 8M
 Heap Initial Capacity: 126M
 Heap Max Capacity: 2014M
 Pre-touch: Disabled
 Parallel Workers: 4
 Concurrent Workers: 1
 Concurrent Refinement Workers: 4
 Periodic GC: Disabled

Heap:
 garbage-first heap   total 129024K, used 7168K [0x0000000082200000, 0x0000000100000000)
  region size 1024K, 8 young (8192K), 0 survivors (0K)
 Metaspace       used 10155K, committed 10304K, reserved 1064960K
  class space    used 875K, committed 960K, reserved 1048576K

Heap Regions: E=young(eden), S=young(survivor), O=old, HS=humongous(starts), HC=humongous(continues), CS=collection set, F=free, OA=open archive, CA=closed archive, TAMS=top-at-mark-start (previous, next)
|   0|0x0000000082200000, 0x0000000082200000, 0x0000000082300000|  0%| F|  |TAMS 0x0000000082200000, 0x0000000082200000| Untracked 
|   1|0x0000000082300000, 0x0000000082300000, 0x0000000082400000|  0%| F|  |TAMS 0x0000000082300000, 0x0000000082300000| Untracked 
|   2|0x0000000082400000, 0x0000000082400000, 0x0000000082500000|  0%| F|  |TAMS 0x0000000082400000, 0x0000000082400000| Untracked 
|   3|0x0000000082500000, 0x0000000082500000, 0x0000000082600000|  0%| F|  |TAMS 0x0000000082500000, 0x0000000082500000| Untracked 
|   4|0x0000000082600000, 0x0000000082600000, 0x0000000082700000|  0%| F|  |TAMS 0x0000000082600000, 0x0000000082600000| Untracked 
|   5|0x0000000082700000, 0x0000000082700000, 0x0000000082800000|  0%| F|  |TAMS 0x0000000082700000, 0x0000000082700000| Untracked 
|   6|0x0000000082800000, 0x0000000082800000, 0x0000000082900000|  0%| F|  |TAMS 0x0000000082800000, 0x0000000082800000| Untracked 
|   7|0x0000000082900000, 0x0000000082900000, 0x0000000082a00000|  0%| F|  |TAMS 0x0000000082900000, 0x0000000082900000| Untracked 
|   8|0x0000000082a00000, 0x0000000082a00000, 0x0000000082b00000|  0%| F|  |TAMS 0x0000000082a00000, 0x0000000082a00000| Untracked 
|   9|0x0000000082b00000, 0x0000000082b00000, 0x0000000082c00000|  0%| F|  |TAMS 0x0000000082b00000, 0x0000000082b00000| Untracked 
|  10|0x0000000082c00000, 0x0000000082c00000, 0x0000000082d00000|  0%| F|  |TAMS 0x0000000082c00000, 0x0000000082c00000| Untracked 
|  11|0x0000000082d00000, 0x0000000082d00000, 0x0000000082e00000|  0%| F|  |TAMS 0x0000000082d00000, 0x0000000082d00000| Untracked 
|  12|0x0000000082e00000, 0x0000000082e00000, 0x0000000082f00000|  0%| F|  |TAMS 0x0000000082e00000, 0x0000000082e00000| Untracked 
|  13|0x0000000082f00000, 0x0000000082f00000, 0x0000000083000000|  0%| F|  |TAMS 0x0000000082f00000, 0x0000000082f00000| Untracked 
|  14|0x0000000083000000, 0x0000000083000000, 0x0000000083100000|  0%| F|  |TAMS 0x0000000083000000, 0x0000000083000000| Untracked 
|  15|0x0000000083100000, 0x0000000083100000, 0x0000000083200000|  0%| F|  |TAMS 0x0000000083100000, 0x0000000083100000| Untracked 
|  16|0x0000000083200000, 0x0000000083200000, 0x0000000083300000|  0%| F|  |TAMS 0x0000000083200000, 0x0000000083200000| Untracked 
|  17|0x0000000083300000, 0x0000000083300000, 0x0000000083400000|  0%| F|  |TAMS 0x0000000083300000, 0x0000000083300000| Untracked 
|  18|0x0000000083400000, 0x0000000083400000, 0x0000000083500000|  0%| F|  |TAMS 0x0000000083400000, 0x0000000083400000| Untracked 
|  19|0x0000000083500000, 0x0000000083500000, 0x0000000083600000|  0%| F|  |TAMS 0x0000000083500000, 0x0000000083500000| Untracked 
|  20|0x0000000083600000, 0x0000000083600000, 0x0000000083700000|  0%| F|  |TAMS 0x0000000083600000, 0x0000000083600000| Untracked 
|  21|0x0000000083700000, 0x0000000083700000, 0x0000000083800000|  0%| F|  |TAMS 0x0000000083700000, 0x0000000083700000| Untracked 
|  22|0x0000000083800000, 0x0000000083800000, 0x0000000083900000|  0%| F|  |TAMS 0x0000000083800000, 0x0000000083800000| Untracked 
|  23|0x0000000083900000, 0x0000000083900000, 0x0000000083a00000|  0%| F|  |TAMS 0x0000000083900000, 0x0000000083900000| Untracked 
|  24|0x0000000083a00000, 0x0000000083a00000, 0x0000000083b00000|  0%| F|  |TAMS 0x0000000083a00000, 0x0000000083a00000| Untracked 
|  25|0x0000000083b00000, 0x0000000083b00000, 0x0000000083c00000|  0%| F|  |TAMS 0x0000000083b00000, 0x0000000083b00000| Untracked 
|  26|0x0000000083c00000, 0x0000000083c00000, 0x0000000083d00000|  0%| F|  |TAMS 0x0000000083c00000, 0x0000000083c00000| Untracked 
|  27|0x0000000083d00000, 0x0000000083d00000, 0x0000000083e00000|  0%| F|  |TAMS 0x0000000083d00000, 0x0000000083d00000| Untracked 
|  28|0x0000000083e00000, 0x0000000083e00000, 0x0000000083f00000|  0%| F|  |TAMS 0x0000000083e00000, 0x0000000083e00000| Untracked 
|  29|0x0000000083f00000, 0x0000000083f00000, 0x0000000084000000|  0%| F|  |TAMS 0x0000000083f00000, 0x0000000083f00000| Untracked 
|  30|0x0000000084000000, 0x0000000084000000, 0x0000000084100000|  0%| F|  |TAMS 0x0000000084000000, 0x0000000084000000| Untracked 
|  31|0x0000000084100000, 0x0000000084100000, 0x0000000084200000|  0%| F|  |TAMS 0x0000000084100000, 0x0000000084100000| Untracked 
|  32|0x0000000084200000, 0x0000000084200000, 0x0000000084300000|  0%| F|  |TAMS 0x0000000084200000, 0x0000000084200000| Untracked 
|  33|0x0000000084300000, 0x0000000084300000, 0x0000000084400000|  0%| F|  |TAMS 0x0000000084300000, 0x0000000084300000| Untracked 
|  34|0x0000000084400000, 0x0000000084400000, 0x0000000084500000|  0%| F|  |TAMS 0x0000000084400000, 0x0000000084400000| Untracked 
|  35|0x0000000084500000, 0x0000000084500000, 0x0000000084600000|  0%| F|  |TAMS 0x0000000084500000, 0x0000000084500000| Untracked 
|  36|0x0000000084600000, 0x0000000084600000, 0x0000000084700000|  0%| F|  |TAMS 0x0000000084600000, 0x0000000084600000| Untracked 
|  37|0x0000000084700000, 0x0000000084700000, 0x0000000084800000|  0%| F|  |TAMS 0x0000000084700000, 0x0000000084700000| Untracked 
|  38|0x0000000084800000, 0x0000000084800000, 0x0000000084900000|  0%| F|  |TAMS 0x0000000084800000, 0x0000000084800000| Untracked 
|  39|0x0000000084900000, 0x0000000084900000, 0x0000000084a00000|  0%| F|  |TAMS 0x0000000084900000, 0x0000000084900000| Untracked 
|  40|0x0000000084a00000, 0x0000000084a00000, 0x0000000084b00000|  0%| F|  |TAMS 0x0000000084a00000, 0x0000000084a00000| Untracked 
|  41|0x0000000084b00000, 0x0000000084b00000, 0x0000000084c00000|  0%| F|  |TAMS 0x0000000084b00000, 0x0000000084b00000| Untracked 
|  42|0x0000000084c00000, 0x0000000084c00000, 0x0000000084d00000|  0%| F|  |TAMS 0x0000000084c00000, 0x0000000084c00000| Untracked 
|  43|0x0000000084d00000, 0x0000000084d00000, 0x0000000084e00000|  0%| F|  |TAMS 0x0000000084d00000, 0x0000000084d00000| Untracked 
|  44|0x0000000084e00000, 0x0000000084e00000, 0x0000000084f00000|  0%| F|  |TAMS 0x0000000084e00000, 0x0000000084e00000| Untracked 
|  45|0x0000000084f00000, 0x0000000084f00000, 0x0000000085000000|  0%| F|  |TAMS 0x0000000084f00000, 0x0000000084f00000| Untracked 
|  46|0x0000000085000000, 0x0000000085000000, 0x0000000085100000|  0%| F|  |TAMS 0x0000000085000000, 0x0000000085000000| Untracked 
|  47|0x0000000085100000, 0x0000000085100000, 0x0000000085200000|  0%| F|  |TAMS 0x0000000085100000, 0x0000000085100000| Untracked 
|  48|0x0000000085200000, 0x0000000085200000, 0x0000000085300000|  0%| F|  |TAMS 0x0000000085200000, 0x0000000085200000| Untracked 
|  49|0x0000000085300000, 0x0000000085300000, 0x0000000085400000|  0%| F|  |TAMS 0x0000000085300000, 0x0000000085300000| Untracked 
|  50|0x0000000085400000, 0x0000000085400000, 0x0000000085500000|  0%| F|  |TAMS 0x0000000085400000, 0x0000000085400000| Untracked 
|  51|0x0000000085500000, 0x0000000085500000, 0x0000000085600000|  0%| F|  |TAMS 0x0000000085500000, 0x0000000085500000| Untracked 
|  52|0x0000000085600000, 0x0000000085600000, 0x0000000085700000|  0%| F|  |TAMS 0x0000000085600000, 0x0000000085600000| Untracked 
|  53|0x0000000085700000, 0x0000000085700000, 0x0000000085800000|  0%| F|  |TAMS 0x0000000085700000, 0x0000000085700000| Untracked 
|  54|0x0000000085800000, 0x0000000085800000, 0x0000000085900000|  0%| F|  |TAMS 0x0000000085800000, 0x0000000085800000| Untracked 
|  55|0x0000000085900000, 0x0000000085900000, 0x0000000085a00000|  0%| F|  |TAMS 0x0000000085900000, 0x0000000085900000| Untracked 
|  56|0x0000000085a00000, 0x0000000085a00000, 0x0000000085b00000|  0%| F|  |TAMS 0x0000000085a00000, 0x0000000085a00000| Untracked 
|  57|0x0000000085b00000, 0x0000000085b00000, 0x0000000085c00000|  0%| F|  |TAMS 0x0000000085b00000, 0x0000000085b00000| Untracked 
|  58|0x0000000085c00000, 0x0000000085c00000, 0x0000000085d00000|  0%| F|  |TAMS 0x0000000085c00000, 0x0000000085c00000| Untracked 
|  59|0x0000000085d00000, 0x0000000085d00000, 0x0000000085e00000|  0%| F|  |TAMS 0x0000000085d00000, 0x0000000085d00000| Untracked 
|  60|0x0000000085e00000, 0x0000000085e00000, 0x0000000085f00000|  0%| F|  |TAMS 0x0000000085e00000, 0x0000000085e00000| Untracked 
|  61|0x0000000085f00000, 0x0000000085f00000, 0x0000000086000000|  0%| F|  |TAMS 0x0000000085f00000, 0x0000000085f00000| Untracked 
|  62|0x0000000086000000, 0x0000000086000000, 0x0000000086100000|  0%| F|  |TAMS 0x0000000086000000, 0x0000000086000000| Untracked 
|  63|0x0000000086100000, 0x0000000086100000, 0x0000000086200000|  0%| F|  |TAMS 0x0000000086100000, 0x0000000086100000| Untracked 
|  64|0x0000000086200000, 0x0000000086200000, 0x0000000086300000|  0%| F|  |TAMS 0x0000000086200000, 0x0000000086200000| Untracked 
|  65|0x0000000086300000, 0x0000000086300000, 0x0000000086400000|  0%| F|  |TAMS 0x0000000086300000, 0x0000000086300000| Untracked 
|  66|0x0000000086400000, 0x0000000086400000, 0x0000000086500000|  0%| F|  |TAMS 0x0000000086400000, 0x0000000086400000| Untracked 
|  67|0x0000000086500000, 0x0000000086500000, 0x0000000086600000|  0%| F|  |TAMS 0x0000000086500000, 0x0000000086500000| Untracked 
|  68|0x0000000086600000, 0x0000000086600000, 0x0000000086700000|  0%| F|  |TAMS 0x0000000086600000, 0x0000000086600000| Untracked 
|  69|0x0000000086700000, 0x0000000086700000, 0x0000000086800000|  0%| F|  |TAMS 0x0000000086700000, 0x0000000086700000| Untracked 
|  70|0x0000000086800000, 0x0000000086800000, 0x0000000086900000|  0%| F|  |TAMS 0x0000000086800000, 0x0000000086800000| Untracked 
|  71|0x0000000086900000, 0x0000000086900000, 0x0000000086a00000|  0%| F|  |TAMS 0x0000000086900000, 0x0000000086900000| Untracked 
|  72|0x0000000086a00000, 0x0000000086a00000, 0x0000000086b00000|  0%| F|  |TAMS 0x0000000086a00000, 0x0000000086a00000| Untracked 
|  73|0x0000000086b00000, 0x0000000086b00000, 0x0000000086c00000|  0%| F|  |TAMS 0x0000000086b00000, 0x0000000086b00000| Untracked 
|  74|0x0000000086c00000, 0x0000000086c00000, 0x0000000086d00000|  0%| F|  |TAMS 0x0000000086c00000, 0x0000000086c00000| Untracked 
|  75|0x0000000086d00000, 0x0000000086d00000, 0x0000000086e00000|  0%| F|  |TAMS 0x0000000086d00000, 0x0000000086d00000| Untracked 
|  76|0x0000000086e00000, 0x0000000086e00000, 0x0000000086f00000|  0%| F|  |TAMS 0x0000000086e00000, 0x0000000086e00000| Untracked 
|  77|0x0000000086f00000, 0x0000000086f00000, 0x0000000087000000|  0%| F|  |TAMS 0x0000000086f00000, 0x0000000086f00000| Untracked 
|  78|0x0000000087000000, 0x0000000087000000, 0x0000000087100000|  0%| F|  |TAMS 0x0000000087000000, 0x0000000087000000| Untracked 
|  79|0x0000000087100000, 0x0000000087100000, 0x0000000087200000|  0%| F|  |TAMS 0x0000000087100000, 0x0000000087100000| Untracked 
|  80|0x0000000087200000, 0x0000000087200000, 0x0000000087300000|  0%| F|  |TAMS 0x0000000087200000, 0x0000000087200000| Untracked 
|  81|0x0000000087300000, 0x0000000087300000, 0x0000000087400000|  0%| F|  |TAMS 0x0000000087300000, 0x0000000087300000| Untracked 
|  82|0x0000000087400000, 0x0000000087400000, 0x0000000087500000|  0%| F|  |TAMS 0x0000000087400000, 0x0000000087400000| Untracked 
|  83|0x0000000087500000, 0x0000000087500000, 0x0000000087600000|  0%| F|  |TAMS 0x0000000087500000, 0x0000000087500000| Untracked 
|  84|0x0000000087600000, 0x0000000087600000, 0x0000000087700000|  0%| F|  |TAMS 0x0000000087600000, 0x0000000087600000| Untracked 
|  85|0x0000000087700000, 0x0000000087700000, 0x0000000087800000|  0%| F|  |TAMS 0x0000000087700000, 0x0000000087700000| Untracked 
|  86|0x0000000087800000, 0x0000000087800000, 0x0000000087900000|  0%| F|  |TAMS 0x0000000087800000, 0x0000000087800000| Untracked 
|  87|0x0000000087900000, 0x0000000087900000, 0x0000000087a00000|  0%| F|  |TAMS 0x0000000087900000, 0x0000000087900000| Untracked 
|  88|0x0000000087a00000, 0x0000000087a00000, 0x0000000087b00000|  0%| F|  |TAMS 0x0000000087a00000, 0x0000000087a00000| Untracked 
|  89|0x0000000087b00000, 0x0000000087b00000, 0x0000000087c00000|  0%| F|  |TAMS 0x0000000087b00000, 0x0000000087b00000| Untracked 
|  90|0x0000000087c00000, 0x0000000087c00000, 0x0000000087d00000|  0%| F|  |TAMS 0x0000000087c00000, 0x0000000087c00000| Untracked 
|  91|0x0000000087d00000, 0x0000000087d00000, 0x0000000087e00000|  0%| F|  |TAMS 0x0000000087d00000, 0x0000000087d00000| Untracked 
|  92|0x0000000087e00000, 0x0000000087e00000, 0x0000000087f00000|  0%| F|  |TAMS 0x0000000087e00000, 0x0000000087e00000| Untracked 
|  93|0x0000000087f00000, 0x0000000087f00000, 0x0000000088000000|  0%| F|  |TAMS 0x0000000087f00000, 0x0000000087f00000| Untracked 
|  94|0x0000000088000000, 0x0000000088000000, 0x0000000088100000|  0%| F|  |TAMS 0x0000000088000000, 0x0000000088000000| Untracked 
|  95|0x0000000088100000, 0x0000000088100000, 0x0000000088200000|  0%| F|  |TAMS 0x0000000088100000, 0x0000000088100000| Untracked 
|  96|0x0000000088200000, 0x0000000088200000, 0x0000000088300000|  0%| F|  |TAMS 0x0000000088200000, 0x0000000088200000| Untracked 
|  97|0x0000000088300000, 0x0000000088300000, 0x0000000088400000|  0%| F|  |TAMS 0x0000000088300000, 0x0000000088300000| Untracked 
|  98|0x0000000088400000, 0x0000000088400000, 0x0000000088500000|  0%| F|  |TAMS 0x0000000088400000, 0x0000000088400000| Untracked 
|  99|0x0000000088500000, 0x0000000088500000, 0x0000000088600000|  0%| F|  |TAMS 0x0000000088500000, 0x0000000088500000| Untracked 
| 100|0x0000000088600000, 0x0000000088600000, 0x0000000088700000|  0%| F|  |TAMS 0x0000000088600000, 0x0000000088600000| Untracked 
| 101|0x0000000088700000, 0x0000000088700000, 0x0000000088800000|  0%| F|  |TAMS 0x0000000088700000, 0x0000000088700000| Untracked 
| 102|0x0000000088800000, 0x0000000088800000, 0x0000000088900000|  0%| F|  |TAMS 0x0000000088800000, 0x0000000088800000| Untracked 
| 103|0x0000000088900000, 0x0000000088900000, 0x0000000088a00000|  0%| F|  |TAMS 0x0000000088900000, 0x0000000088900000| Untracked 
| 104|0x0000000088a00000, 0x0000000088a00000, 0x0000000088b00000|  0%| F|  |TAMS 0x0000000088a00000, 0x0000000088a00000| Untracked 
| 105|0x0000000088b00000, 0x0000000088b00000, 0x0000000088c00000|  0%| F|  |TAMS 0x0000000088b00000, 0x0000000088b00000| Untracked 
| 106|0x0000000088c00000, 0x0000000088c00000, 0x0000000088d00000|  0%| F|  |TAMS 0x0000000088c00000, 0x0000000088c00000| Untracked 
| 107|0x0000000088d00000, 0x0000000088d00000, 0x0000000088e00000|  0%| F|  |TAMS 0x0000000088d00000, 0x0000000088d00000| Untracked 
| 108|0x0000000088e00000, 0x0000000088e00000, 0x0000000088f00000|  0%| F|  |TAMS 0x0000000088e00000, 0x0000000088e00000| Untracked 
| 109|0x0000000088f00000, 0x0000000088f00000, 0x0000000089000000|  0%| F|  |TAMS 0x0000000088f00000, 0x0000000088f00000| Untracked 
| 110|0x0000000089000000, 0x0000000089000000, 0x0000000089100000|  0%| F|  |TAMS 0x0000000089000000, 0x0000000089000000| Untracked 
| 111|0x0000000089100000, 0x0000000089100000, 0x0000000089200000|  0%| F|  |TAMS 0x0000000089100000, 0x0000000089100000| Untracked 
| 112|0x0000000089200000, 0x0000000089200000, 0x0000000089300000|  0%| F|  |TAMS 0x0000000089200000, 0x0000000089200000| Untracked 
| 113|0x0000000089300000, 0x0000000089300000, 0x0000000089400000|  0%| F|  |TAMS 0x0000000089300000, 0x0000000089300000| Untracked 
| 114|0x0000000089400000, 0x0000000089400000, 0x0000000089500000|  0%| F|  |TAMS 0x0000000089400000, 0x0000000089400000| Untracked 
| 115|0x0000000089500000, 0x0000000089500000, 0x0000000089600000|  0%| F|  |TAMS 0x0000000089500000, 0x0000000089500000| Untracked 
| 116|0x0000000089600000, 0x0000000089600000, 0x0000000089700000|  0%| F|  |TAMS 0x0000000089600000, 0x0000000089600000| Untracked 
| 117|0x0000000089700000, 0x0000000089700000, 0x0000000089800000|  0%| F|  |TAMS 0x0000000089700000, 0x0000000089700000| Untracked 
| 118|0x0000000089800000, 0x0000000089843128, 0x0000000089900000| 26%| E|  |TAMS 0x0000000089800000, 0x0000000089800000| Complete 
| 119|0x0000000089900000, 0x0000000089a00000, 0x0000000089a00000|100%| E|CS|TAMS 0x0000000089900000, 0x0000000089900000| Complete 
| 120|0x0000000089a00000, 0x0000000089b00000, 0x0000000089b00000|100%| E|CS|TAMS 0x0000000089a00000, 0x0000000089a00000| Complete 
| 121|0x0000000089b00000, 0x0000000089c00000, 0x0000000089c00000|100%| E|CS|TAMS 0x0000000089b00000, 0x0000000089b00000| Complete 
| 122|0x0000000089c00000, 0x0000000089d00000, 0x0000000089d00000|100%| E|CS|TAMS 0x0000000089c00000, 0x0000000089c00000| Complete 
| 123|0x0000000089d00000, 0x0000000089e00000, 0x0000000089e00000|100%| E|CS|TAMS 0x0000000089d00000, 0x0000000089d00000| Complete 
| 124|0x0000000089e00000, 0x0000000089f00000, 0x0000000089f00000|100%| E|CS|TAMS 0x0000000089e00000, 0x0000000089e00000| Complete 
| 125|0x0000000089f00000, 0x000000008a000000, 0x000000008a000000|100%| E|CS|TAMS 0x0000000089f00000, 0x0000000089f00000| Complete 

Card table byte_map: [0x000002395c5d0000,0x000002395c9c0000] _byte_map_base: 0x000002395c1bf000

Marking Bits (Prev, Next): (CMBitMap*) 0x0000023947eccbe0, (CMBitMap*) 0x0000023947eccc20
 Prev Bits: [0x000002395cdb0000, 0x000002395ed28000)
 Next Bits: [0x000002395ed30000, 0x0000023960ca8000)

Polling page: 0x0000023947cf0000

Metaspace:

Usage:
  Non-class:      9.06 MB used.
      Class:    875.38 KB used.
       Both:      9.92 MB used.

Virtual space:
  Non-class space:       16.00 MB reserved,       9.12 MB ( 57%) committed,  2 nodes.
      Class space:        1.00 GB reserved,     960.00 KB ( <1%) committed,  1 nodes.
              Both:        1.02 GB reserved,      10.06 MB ( <1%) committed. 

Chunk freelists:
   Non-Class:  2.66 MB
       Class:  3.09 MB
        Both:  5.75 MB

MaxMetaspaceSize: 17179869184.00 GB
CompressedClassSpaceSize: 1.00 GB
 - commit_granule_bytes: 65536.
 - commit_granule_words: 8192.
 - virtual_space_node_default_size: 1048576.
 - enlarge_chunks_in_place: 1.
 - new_chunks_are_fully_committed: 0.
 - uncommit_free_chunks: 1.
 - use_allocation_guard: 0.
 - handle_deallocations: 1.


Internal statistics:

num_allocs_failed_limit: 0.
num_arena_births: 12.
num_arena_deaths: 0.
num_vsnodes_births: 3.
num_vsnodes_deaths: 0.
num_space_committed: 161.
num_space_uncommitted: 0.
num_chunks_returned_to_freelist: 0.
num_chunks_taken_from_freelist: 59.
num_chunk_merges: 0.
num_chunk_splits: 24.
num_chunks_enlarged: 15.
num_purges: 0.

CodeHeap 'non-profiled nmethods': size=120000Kb used=162Kb max_used=162Kb free=119837Kb
 bounds [0x0000023954690000, 0x0000023954900000, 0x000002395bbc0000]
CodeHeap 'profiled nmethods': size=120000Kb used=632Kb max_used=632Kb free=119367Kb
 bounds [0x000002394d160000, 0x000002394d3d0000, 0x0000023954690000]
CodeHeap 'non-nmethods': size=5760Kb used=1208Kb max_used=1224Kb free=4551Kb
 bounds [0x000002394cbc0000, 0x000002394ce30000, 0x000002394d160000]
 total_blobs=898 nmethods=480 adapters=331
 compilation: enabled
              stopped_count=0, restarted_count=0
 full_count=0

Compilation events (20 events):
Event: 311.160 Thread 0x00000239632db590  474       3       org.eclipse.jdt.launching.internal.org.objectweb.asm.SymbolTable::addConstantMemberReference (29 bytes)
Event: 311.160 Thread 0x00000239632db590 nmethod 474 0x000002394d1fb490 code [0x000002394d1fb680, 0x000002394d1fba28]
Event: 311.160 Thread 0x00000239632db590  475       3       org.eclipse.jdt.launching.internal.org.objectweb.asm.SymbolTable::hash (20 bytes)
Event: 311.163 Thread 0x00000239632db590 nmethod 475 0x000002394d1fbd10 code [0x000002394d1fbee0, 0x000002394d1fc0c8]
Event: 361.830 Thread 0x00000239632db590  476       3       org.eclipse.jdt.launching.internal.org.objectweb.asm.SymbolTable::addConstantNameAndType (28 bytes)
Event: 361.830 Thread 0x00000239632db590 nmethod 476 0x000002394d1fc290 code [0x000002394d1fc480, 0x000002394d1fc7b8]
Event: 361.830 Thread 0x00000239632db590  477       3       org.eclipse.jdt.launching.internal.org.objectweb.asm.SymbolTable::hash (15 bytes)
Event: 361.831 Thread 0x00000239632db590 nmethod 477 0x000002394d1fca10 code [0x000002394d1fcbc0, 0x000002394d1fcd58]
Event: 679.435 Thread 0x00000239632d9c10  478       4       org.eclipse.jdt.launching.internal.org.objectweb.asm.ClassReader::readUtf (44 bytes)
Event: 679.438 Thread 0x00000239632db590  479       3       org.eclipse.jdt.launching.internal.org.objectweb.asm.ByteVector::putByteArray (49 bytes)
Event: 679.438 Thread 0x00000239632db590 nmethod 479 0x000002394d1fce90 code [0x000002394d1fd040, 0x000002394d1fd318]
Event: 679.441 Thread 0x00000239632d9c10 

Event: 764.974 Thread 0x00000239632db590  480       3       org.eclipse.jdt.launching.internal.org.objectweb.asm.SymbolTable$Entry::<init> (20 bytes)
Event: 764.974 Thread 0x00000239632db590 nmethod 480 0x000002394d1fd410 code [0x000002394d1fd5c0, 0x000002394d1fd768]
Event: 764.974 Thread 0x00000239632d9c10  481       4       java.lang.String::hashCode (60 bytes)
Event: 764.979 Thread 0x00000239632d9c10 

Event: 799.336 Thread 0x00000239632db590  482       3       org.eclipse.jdt.launching.internal.org.objectweb.asm.SymbolTable$Entry::<init> (18 bytes)
Event: 799.336 Thread 0x00000239632db590 nmethod 482 0x000002394d1fd890 code [0x000002394d1fda40, 0x000002394d1fdbe8]
Event: 851.550 Thread 0x00000239632db590  483       3       org.eclipse.jdt.launching.internal.org.objectweb.asm.ByteVector::<init> (13 bytes)
Event: 851.551 Thread 0x00000239632db590 nmethod 483 0x000002394d1fdc90 code [0x000002394d1fde40, 0x000002394d1fe098]

GC Heap History (0 events):
No events

Deoptimization events (20 events):
Event: 0.624 Thread 0x0000023947e8d300 DEOPT PACKING pc=0x000002394d1d285b sp=0x000000c21bdf7c90
Event: 0.624 Thread 0x0000023947e8d300 DEOPT UNPACKING pc=0x000002394cc0dece sp=0x000000c21bdf70f8 mode 0
Event: 0.624 Thread 0x0000023947e8d300 DEOPT PACKING pc=0x000002394d1d285b sp=0x000000c21bdf7c90
Event: 0.624 Thread 0x0000023947e8d300 DEOPT UNPACKING pc=0x000002394cc0dece sp=0x000000c21bdf70f8 mode 0
Event: 0.624 Thread 0x0000023947e8d300 DEOPT PACKING pc=0x000002394d1d285b sp=0x000000c21bdf7c90
Event: 0.624 Thread 0x0000023947e8d300 DEOPT UNPACKING pc=0x000002394cc0dece sp=0x000000c21bdf70f8 mode 0
Event: 0.626 Thread 0x0000023947e8d300 DEOPT PACKING pc=0x000002394d1d2770 sp=0x000000c21bdf7c90
Event: 0.626 Thread 0x0000023947e8d300 DEOPT UNPACKING pc=0x000002394cc0dece sp=0x000000c21bdf70f8 mode 0
Event: 0.665 Thread 0x0000023947e8d300 Uncommon trap: trap_request=0xffffff45 fr.pc=0x000002395469960c relative=0x00000000000001ec
Event: 0.665 Thread 0x0000023947e8d300 Uncommon trap: reason=unstable_if action=reinterpret pc=0x000002395469960c method=java.lang.String.isLatin1()Z @ 10 c2
Event: 0.665 Thread 0x0000023947e8d300 DEOPT PACKING pc=0x000002395469960c sp=0x000000c21bdfc8f0
Event: 0.665 Thread 0x0000023947e8d300 DEOPT UNPACKING pc=0x000002394cc0d72e sp=0x000000c21bdfc820 mode 2
Event: 0.665 Thread 0x0000023947e8d300 Uncommon trap: trap_request=0xffffff45 fr.pc=0x00000239546a6e00 relative=0x0000000000000060
Event: 0.665 Thread 0x0000023947e8d300 Uncommon trap: reason=unstable_if action=reinterpret pc=0x00000239546a6e00 method=java.lang.String.isLatin1()Z @ 10 c2
Event: 0.665 Thread 0x0000023947e8d300 DEOPT PACKING pc=0x00000239546a6e00 sp=0x000000c21bdfc870
Event: 0.665 Thread 0x0000023947e8d300 DEOPT UNPACKING pc=0x000002394cc0d72e sp=0x000000c21bdfc810 mode 2
Event: 0.675 Thread 0x0000023947e8d300 Uncommon trap: trap_request=0xffffff45 fr.pc=0x00000239546a2768 relative=0x0000000000000048
Event: 0.675 Thread 0x0000023947e8d300 Uncommon trap: reason=unstable_if action=reinterpret pc=0x00000239546a2768 method=java.lang.CharacterData.of(I)Ljava/lang/CharacterData; @ 4 c2
Event: 0.675 Thread 0x0000023947e8d300 DEOPT PACKING pc=0x00000239546a2768 sp=0x000000c21bdfe820
Event: 0.675 Thread 0x0000023947e8d300 DEOPT UNPACKING pc=0x000002394cc0d72e sp=0x000000c21bdfe7c0 mode 2

Classes unloaded (0 events):
No events

Classes redefined (9 events):
Event: 34.366 Thread 0x0000023963287a60 redefined class name=prevencionDeRiesgo.Revision, count=1
Event: 51.553 Thread 0x0000023963287a60 redefined class name=prevencionDeRiesgo.Revision, count=2
Event: 311.161 Thread 0x0000023963287a60 redefined class name=prevencionDeRiesgo.Revision, count=3
Event: 361.831 Thread 0x0000023963287a60 redefined class name=prevencionDeRiesgo.Revision, count=4
Event: 427.568 Thread 0x0000023963287a60 redefined class name=prevencionDeRiesgo.Revision, count=5
Event: 495.949 Thread 0x0000023963287a60 redefined class name=prevencionDeRiesgo.Revision, count=6
Event: 679.439 Thread 0x0000023963287a60 redefined class name=prevencionDeRiesgo.Revision, count=7
Event: 764.975 Thread 0x0000023963287a60 redefined class name=prevencionDeRiesgo.Revision, count=8
Event: 799.338 Thread 0x0000023963287a60 redefined class name=prevencionDeRiesgo.Revision, count=9

Internal exceptions (1 events):
Event: 0.574 Thread 0x0000023947e8d300 Exception <a 'java/lang/NoSuchMethodError'{0x0000000089cfe7c8}: 'java.lang.Object java.lang.invoke.DirectMethodHandle$Holder.invokeStatic(java.lang.Object)'> (0x0000000089cfe7c8) 
thrown [t:\workspace\open\src\hotspot\share\interpreter\linkResolver.cpp, line 790]

Events (20 events):
Event: 679.454 Executing  VM operation: ChangeBreakpoints done
Event: 679.458 Executing  VM operation: ChangeBreakpoints
Event: 679.458 Executing  VM operation: ChangeBreakpoints done
Event: 764.975 Executing  VM operation: RedefineClasses
Event: 764.977 Executing  VM operation: RedefineClasses done
Event: 764.984 Executing  VM operation: ChangeBreakpoints
Event: 764.984 Executing  VM operation: ChangeBreakpoints done
Event: 764.991 Executing  VM operation: ChangeBreakpoints
Event: 764.991 Executing  VM operation: ChangeBreakpoints done
Event: 764.997 Executing  VM operation: ChangeBreakpoints
Event: 764.997 Executing  VM operation: ChangeBreakpoints done
Event: 765.001 Executing  VM operation: ChangeBreakpoints
Event: 765.002 Executing  VM operation: ChangeBreakpoints done
Event: 799.337 Executing  VM operation: RedefineClasses
Event: 799.340 Executing  VM operation: RedefineClasses done
Event: 799.345 Executing  VM operation: ChangeBreakpoints
Event: 799.345 Executing  VM operation: ChangeBreakpoints done
Event: 851.416 Executing  VM operation: ChangeBreakpoints
Event: 851.416 Executing  VM operation: ChangeBreakpoints done
Event: 851.551 Executing  VM operation: RedefineClasses


Dynamic libraries:
0x00007ff6c5a50000 - 0x00007ff6c5a5e000 	C:\Users\dfher\Downloads\eclipse-java-2021-09-R-win32-x86_64\eclipse\plugins\org.eclipse.justj.openjdk.hotspot.jre.full.win32.x86_64_16.0.2.v20210721-1149\jre\bin\javaw.exe
0x00007ff8f1590000 - 0x00007ff8f1785000 	C:\Windows\SYSTEM32\ntdll.dll
0x00007ff8f1300000 - 0x00007ff8f13be000 	C:\Windows\System32\KERNEL32.DLL
0x00007ff8ef2c0000 - 0x00007ff8ef589000 	C:\Windows\System32\KERNELBASE.dll
0x00007ff8eed70000 - 0x00007ff8eee70000 	C:\Windows\System32\ucrtbase.dll
0x00007ff8e7b20000 - 0x00007ff8e7b38000 	C:\Users\dfher\Downloads\eclipse-java-2021-09-R-win32-x86_64\eclipse\plugins\org.eclipse.justj.openjdk.hotspot.jre.full.win32.x86_64_16.0.2.v20210721-1149\jre\bin\jli.dll
0x00007ff8ef5f0000 - 0x00007ff8ef791000 	C:\Windows\System32\USER32.dll
0x00007ff8eecb0000 - 0x00007ff8eecd2000 	C:\Windows\System32\win32u.dll
0x00007ff8f0b30000 - 0x00007ff8f0b5b000 	C:\Windows\System32\GDI32.dll
0x00007ff8eee70000 - 0x00007ff8eef7b000 	C:\Windows\System32\gdi32full.dll
0x00007ff8eef80000 - 0x00007ff8ef01d000 	C:\Windows\System32\msvcp_win.dll
0x00007ff8e7b00000 - 0x00007ff8e7b19000 	C:\Users\dfher\Downloads\eclipse-java-2021-09-R-win32-x86_64\eclipse\plugins\org.eclipse.justj.openjdk.hotspot.jre.full.win32.x86_64_16.0.2.v20210721-1149\jre\bin\VCRUNTIME140.dll
0x00007ff8e2120000 - 0x00007ff8e23ba000 	C:\Windows\WinSxS\amd64_microsoft.windows.common-controls_6595b64144ccf1df_6.0.19041.1110_none_60b5254171f9507e\COMCTL32.dll
0x00007ff8f0170000 - 0x00007ff8f020e000 	C:\Windows\System32\msvcrt.dll
0x00007ff8efc00000 - 0x00007ff8efc30000 	C:\Windows\System32\IMM32.DLL
0x00007ff8ec4d0000 - 0x00007ff8ec4dc000 	C:\Users\dfher\Downloads\eclipse-java-2021-09-R-win32-x86_64\eclipse\plugins\org.eclipse.justj.openjdk.hotspot.jre.full.win32.x86_64_16.0.2.v20210721-1149\jre\bin\vcruntime140_1.dll
0x00007ff8d8bc0000 - 0x00007ff8d8c51000 	C:\Users\dfher\Downloads\eclipse-java-2021-09-R-win32-x86_64\eclipse\plugins\org.eclipse.justj.openjdk.hotspot.jre.full.win32.x86_64_16.0.2.v20210721-1149\jre\bin\msvcp140.dll
0x00007ff8a6800000 - 0x00007ff8a73ab000 	C:\Users\dfher\Downloads\eclipse-java-2021-09-R-win32-x86_64\eclipse\plugins\org.eclipse.justj.openjdk.hotspot.jre.full.win32.x86_64_16.0.2.v20210721-1149\jre\bin\server\jvm.dll
0x00007ff8f08e0000 - 0x00007ff8f098c000 	C:\Windows\System32\ADVAPI32.dll
0x00007ff8f02b0000 - 0x00007ff8f034b000 	C:\Windows\System32\sechost.dll
0x00007ff8f0a00000 - 0x00007ff8f0b2a000 	C:\Windows\System32\RPCRT4.dll
0x00007ff8ef5e0000 - 0x00007ff8ef5e8000 	C:\Windows\System32\PSAPI.DLL
0x00007ff8e9660000 - 0x00007ff8e9669000 	C:\Windows\SYSTEM32\WSOCK32.dll
0x00007ff8f0990000 - 0x00007ff8f09fb000 	C:\Windows\System32\WS2_32.dll
0x00007ff8db6d0000 - 0x00007ff8db6f7000 	C:\Windows\SYSTEM32\WINMM.dll
0x00007ff8e2f00000 - 0x00007ff8e2f0a000 	C:\Windows\SYSTEM32\VERSION.dll
0x00007ff8ecbd0000 - 0x00007ff8ecbe2000 	C:\Windows\SYSTEM32\kernel.appcore.dll
0x00007ff8e7db0000 - 0x00007ff8e7dba000 	C:\Users\dfher\Downloads\eclipse-java-2021-09-R-win32-x86_64\eclipse\plugins\org.eclipse.justj.openjdk.hotspot.jre.full.win32.x86_64_16.0.2.v20210721-1149\jre\bin\jimage.dll
0x00007ff8e1050000 - 0x00007ff8e1234000 	C:\Windows\SYSTEM32\DBGHELP.DLL
0x00007ff8e0530000 - 0x00007ff8e055c000 	C:\Windows\SYSTEM32\dbgcore.DLL
0x00007ff8eece0000 - 0x00007ff8eed63000 	C:\Windows\System32\bcryptPrimitives.dll
0x00007ff8d8b00000 - 0x00007ff8d8b3b000 	C:\Users\dfher\Downloads\eclipse-java-2021-09-R-win32-x86_64\eclipse\plugins\org.eclipse.justj.openjdk.hotspot.jre.full.win32.x86_64_16.0.2.v20210721-1149\jre\bin\jdwp.dll
0x00007ff8e7af0000 - 0x00007ff8e7afe000 	C:\Users\dfher\Downloads\eclipse-java-2021-09-R-win32-x86_64\eclipse\plugins\org.eclipse.justj.openjdk.hotspot.jre.full.win32.x86_64_16.0.2.v20210721-1149\jre\bin\instrument.dll
0x00007ff8d8cb0000 - 0x00007ff8d8cd5000 	C:\Users\dfher\Downloads\eclipse-java-2021-09-R-win32-x86_64\eclipse\plugins\org.eclipse.justj.openjdk.hotspot.jre.full.win32.x86_64_16.0.2.v20210721-1149\jre\bin\java.dll
0x00007ff8dc4f0000 - 0x00007ff8dc508000 	C:\Users\dfher\Downloads\eclipse-java-2021-09-R-win32-x86_64\eclipse\plugins\org.eclipse.justj.openjdk.hotspot.jre.full.win32.x86_64_16.0.2.v20210721-1149\jre\bin\zip.dll
0x00007ff8f0b60000 - 0x00007ff8f129f000 	C:\Windows\System32\SHELL32.dll
0x00007ff8ecdd0000 - 0x00007ff8ed560000 	C:\Windows\SYSTEM32\windows.storage.dll
0x00007ff8ef7a0000 - 0x00007ff8efaf5000 	C:\Windows\System32\combase.dll
0x00007ff8ee630000 - 0x00007ff8ee65c000 	C:\Windows\SYSTEM32\Wldp.dll
0x00007ff8f0830000 - 0x00007ff8f08dd000 	C:\Windows\System32\SHCORE.dll
0x00007ff8f12a0000 - 0x00007ff8f12f5000 	C:\Windows\System32\shlwapi.dll
0x00007ff8eebf0000 - 0x00007ff8eec0f000 	C:\Windows\SYSTEM32\profapi.dll
0x00007ff8e7ac0000 - 0x00007ff8e7acc000 	C:\Users\dfher\Downloads\eclipse-java-2021-09-R-win32-x86_64\eclipse\plugins\org.eclipse.justj.openjdk.hotspot.jre.full.win32.x86_64_16.0.2.v20210721-1149\jre\bin\dt_socket.dll
0x00007ff8ee080000 - 0x00007ff8ee0bb000 	C:\Windows\SYSTEM32\IPHLPAPI.DLL
0x00007ff8ee390000 - 0x00007ff8ee3fa000 	C:\Windows\system32\mswsock.dll
0x00007ff8ee0c0000 - 0x00007ff8ee18c000 	C:\Windows\SYSTEM32\DNSAPI.dll
0x00007ff8f1540000 - 0x00007ff8f1548000 	C:\Windows\System32\NSI.dll
0x00007ff8e3c40000 - 0x00007ff8e3c4a000 	C:\Windows\System32\rasadhlp.dll
0x00007ff8e3c50000 - 0x00007ff8e3ccf000 	C:\Windows\System32\fwpuclnt.dll
0x00007ff8ef080000 - 0x00007ff8ef0a7000 	C:\Windows\System32\bcrypt.dll
0x00007ff8dbe00000 - 0x00007ff8dbe19000 	C:\Users\dfher\Downloads\eclipse-java-2021-09-R-win32-x86_64\eclipse\plugins\org.eclipse.justj.openjdk.hotspot.jre.full.win32.x86_64_16.0.2.v20210721-1149\jre\bin\net.dll
0x00007ff8e3d30000 - 0x00007ff8e3e38000 	C:\Windows\SYSTEM32\WINHTTP.dll
0x00007ff8dbce0000 - 0x00007ff8dbcf3000 	C:\Users\dfher\Downloads\eclipse-java-2021-09-R-win32-x86_64\eclipse\plugins\org.eclipse.justj.openjdk.hotspot.jre.full.win32.x86_64_16.0.2.v20210721-1149\jre\bin\nio.dll
0x00007ff8e79f0000 - 0x00007ff8e7a00000 	C:\Users\dfher\Downloads\eclipse-java-2021-09-R-win32-x86_64\eclipse\plugins\org.eclipse.justj.openjdk.hotspot.jre.full.win32.x86_64_16.0.2.v20210721-1149\jre\bin\verify.dll

dbghelp: loaded successfully - version: 4.0.5 - missing functions: none
symbol engine: initialized successfully - sym options: 0x614 - pdb path: .;C:\Users\dfher\Downloads\eclipse-java-2021-09-R-win32-x86_64\eclipse\plugins\org.eclipse.justj.openjdk.hotspot.jre.full.win32.x86_64_16.0.2.v20210721-1149\jre\bin;C:\Windows\SYSTEM32;C:\Windows\WinSxS\amd64_microsoft.windows.common-controls_6595b64144ccf1df_6.0.19041.1110_none_60b5254171f9507e;C:\Users\dfher\Downloads\eclipse-java-2021-09-R-win32-x86_64\eclipse\plugins\org.eclipse.justj.openjdk.hotspot.jre.full.win32.x86_64_16.0.2.v20210721-1149\jre\bin\server

VM Arguments:
jvm_args: -XX:+ShowCodeDetailsInExceptionMessages -agentlib:jdwp=transport=dt_socket,suspend=y,address=localhost:50187 -javaagent:C:\Users\dfher\eclipse\java-2021-09\eclipse\configuration\org.eclipse.osgi\222\0\.cp\lib\javaagent-shaded.jar -Dfile.encoding=Cp1252 
java_command: prevencionDeRiesgo.Principal
java_class_path (initial): C:\Users\dfher\eclipse-workspace\SprintFinalD\bin
Launcher Type: SUN_STANDARD

[Global flags]
     intx CICompilerCount                          = 3                                         {product} {ergonomic}
     uint ConcGCThreads                            = 1                                         {product} {ergonomic}
     uint G1ConcRefinementThreads                  = 4                                         {product} {ergonomic}
   size_t G1HeapRegionSize                         = 1048576                                   {product} {ergonomic}
    uintx GCDrainStackTargetSize                   = 64                                        {product} {ergonomic}
   size_t InitialHeapSize                          = 132120576                                 {product} {ergonomic}
   size_t MarkStackSize                            = 4194304                                   {product} {ergonomic}
   size_t MaxHeapSize                              = 2111832064                                {product} {ergonomic}
   size_t MaxNewSize                               = 1266679808                                {product} {ergonomic}
   size_t MinHeapDeltaBytes                        = 1048576                                   {product} {ergonomic}
   size_t MinHeapSize                              = 8388608                                   {product} {ergonomic}
    uintx NonNMethodCodeHeapSize                   = 5832780                                {pd product} {ergonomic}
    uintx NonProfiledCodeHeapSize                  = 122912730                              {pd product} {ergonomic}
    uintx ProfiledCodeHeapSize                     = 122912730                              {pd product} {ergonomic}
    uintx ReservedCodeCacheSize                    = 251658240                              {pd product} {ergonomic}
     bool SegmentedCodeCache                       = true                                      {product} {ergonomic}
     bool ShowCodeDetailsInExceptionMessages       = true                                   {manageable} {command line}
   size_t SoftMaxHeapSize                          = 2111832064                             {manageable} {ergonomic}
     bool UseCompressedClassPointers               = true                           {product lp64_product} {ergonomic}
     bool UseCompressedOops                        = true                           {product lp64_product} {ergonomic}
     bool UseG1GC                                  = true                                      {product} {ergonomic}
     bool UseLargePagesIndividualAllocation        = false                                  {pd product} {ergonomic}

Logging:
Log output configuration:
 #0: stdout all=warning uptime,level,tags
 #1: stderr all=off uptime,level,tags

Environment Variables:
PATH=C:\Users\dfher\Downloads\eclipse-java-2021-09-R-win32-x86_64\eclipse\plugins\org.eclipse.justj.openjdk.hotspot.jre.full.win32.x86_64_16.0.2.v20210721-1149\jre\bin;C:/Program Files/Java/jdk-16.0.1/bin/server;C:/Program Files/Java/jdk-16.0.1/bin;C:\Program Files\Python39\Scripts\;C:\Program Files\Python39\;C:\ProgramData\Oracle\Java\javapath;C:\Program Files\Common Files\Oracle\Java\javapath;C:\Program Files (x86)\Common Files\Oracle\Java\javapath;C:\Python39\Scripts\;C:\Python39\;C:\Windows\system32;C:\Windows;C:\Windows\System32\Wbem;C:\Windows\System32\WindowsPowerShell\v1.0\;C:\Windows\System32\OpenSSH\;C:\ProgramData\chocolatey\bin;C:\Program Files (x86)\Microsoft SQL Server\150\DTS\Binn\;C:\Program Files\Azure Data Studio\bin;C:\Program Files\nodejs\;C:\Program Files\Git\cmd;C:\Program Files\MySQL\MySQL Shell 8.0\bin\;C:\Users\dfher\AppData\Local\Microsoft\WindowsApps;C:\Users\dfher\AppData\Local\Programs\Microsoft VS Code\bin;C:\Program Files\Azure Data Studio\bin;C:\Users\dfher\AppData\Roaming\npm;C:\Users\dfher\AppData\Local\GitHubDesktop\bin;C:\Windows\System32;
USERNAME=dfher
OS=Windows_NT
PROCESSOR_IDENTIFIER=Intel64 Family 6 Model 58 Stepping 9, GenuineIntel



---------------  S Y S T E M  ---------------

OS:
 Windows 10 , 64 bit Build 19041 (10.0.19041.1202)
OS uptime: 1 days 3:52 hours

CPU: total 4 (initial active 4) (4 cores per cpu, 1 threads per core) family 6 model 58 stepping 9 microcode 0x21, cx8, cmov, fxsr, mmx, sse, sse2, sse3, ssse3, sse4.1, sse4.2, popcnt, tsc, tscinvbit, avx, aes, erms, clmul, vzeroupper, clflush

Memory: 4k page, system-wide physical 8055M (1846M free)
TotalPageFile size 15991M (AvailPageFile size 3149M)
current process WorkingSet (physical memory assigned to process): 47M, peak: 48M
current process commit charge ("private bytes"): 200M, peak: 201M

vm_info: OpenJDK 64-Bit Server VM (16.0.2+7-67) for windows-amd64 JRE (16.0.2+7-67), built on Jun  8 2021 23:21:43 by "mach5one" with MS VC++ 16.7 (VS2019)

END.
